1538029607207	geckodriver	INFO	geckodriver 0.20.0
1538029607222	geckodriver	INFO	Listening on 127.0.0.1:64034
1538029532799	mozrunner::runner	INFO	Running command: "C:\\Program Files\\Mozilla Firefox\\firefox.exe" "-marionette" "-profile" "C:\\Users\\cs\\AppData\\Local\\Temp\\rust_mozprofile.1uXp8AmqIygP"
1538029541355	addons.xpi	WARN	Error parsing extensions state: [Exception... "Component returned failure code: 0x80520012 (NS_ERROR_FILE_NOT_FOUND) [amIAddonManagerStartup.readStartupData]"  nsresult: "0x80520012 (NS_ERROR_FILE_NOT_FOUND)"  location: "JS frame :: resource://gre/modules/addons/XPIProvider.jsm :: loadExtensionState :: line 1554"  data: no] Stack trace: loadExtensionState()@resource://gre/modules/addons/XPIProvider.jsm:1554 < getInstallState()@resource://gre/modules/addons/XPIProvider.jsm:1589 < checkForChanges()@resource://gre/modules/addons/XPIProvider.jsm:3109 < startup()@resource://gre/modules/addons/XPIProvider.jsm:2188 < callProvider()@resource://gre/modules/AddonManager.jsm:269 < _startProvider()@resource://gre/modules/AddonManager.jsm:739 < startup()@resource://gre/modules/AddonManager.jsm:906 < startup()@resource://gre/modules/AddonManager.jsm:3090 < observe()@jar:file:///C:/Program%20Files/Mozilla%20Firefox/omni.ja!/components/addonManager.js:65
[GFX1-]: Mismatched driver versions between the registry 8.930.0.0 and DLL(s) 8.15.10.2342,  reported.
1538029548053	Marionette	INFO	Enabled via --marionette
[GFX1-]: Mismatched driver versions between the registry 8.930.0.0 and DLL(s) 8.15.10.2342,  reported.

###!!! [Parent][MessageChannel] Error: (msgtype=0x24003F,name=PContent::Msg_LoadProcessScript) Channel error: cannot send/recv


###!!! [Parent][MessageChannel] Error: (msgtype=0x24003F,name=PContent::Msg_LoadProcessScript) Channel error: cannot send/recv


###!!! [Parent][MessageChannel] Error: (msgtype=0x2400FC,name=PContent::Msg_AsyncMessage) Channel error: cannot send/recv


###!!! [Parent][MessageChannel] Error: (msgtype=0x2400FC,name=PContent::Msg_AsyncMessage) Channel error: cannot send/recv


###!!! [Parent][RunMessage] Error: Channel error: cannot send/recv


###!!! [Parent][RunMessage] Error: Channel error: cannot send/recv


###!!! [Parent][RunMessage] Error: Channel error: cannot send/recv


###!!! [Parent][RunMessage] Error: Channel error: cannot send/recv


###!!! [Parent][RunMessage] Error: Channel error: cannot send/recv


###!!! [Parent][RunMessage] Error: Channel error: cannot send/recv


###!!! [Parent][RunMessage] Error: Channel error: cannot send/recv


###!!! [Parent][RunMessage] Error: Channel error: cannot send/recv


###!!! [Parent][RunMessage] Error: Channel error: cannot send/recv


###!!! [Parent][RunMessage] Error: Channel error: cannot send/recv

[GFX1-]: Mismatched driver versions between the registry 8.930.0.0 and DLL(s) 8.15.10.2342,  reported.
[GFX1-]: Mismatched driver versions between the registry 8.930.0.0 and DLL(s) 8.15.10.2342,  reported.
188733&phone=18608718873&channelCode=86b1wlu&role=100"
1537254673469	Marionette	DEBUG	Received DOM event "pageshow" for "http://10.86.36.43:8000/resourceManageIndex?staffNo=186087188733&phone=18608718873&channelCode=86b1wlu&role=100"
1537254673781	Marionette	DEBUG	Canceled page load listener because no navigation has been detected
