1503983542076	geckodriver	INFO	geckodriver 0.18.0
1503983542097	geckodriver	INFO	Listening on 127.0.0.1:61230
1503983544232	geckodriver::marionette	INFO	Starting browser C:\Program Files (x86)\Mozilla Firefox\firefox.exe with args ["-marionette"]
1503983544832	addons.xpi	WARN	Error parsing extensions state: [Exception... "Component returned failure code: 0x80520012 (NS_ERROR_FILE_NOT_FOUND) [amIAddonManagerStartup.readStartupData]"  nsresult: "0x80520012 (NS_ERROR_FILE_NOT_FOUND)"  location: "JS frame :: resource://gre/modules/addons/XPIProvider.jsm :: loadExtensionState :: line 1596"  data: no] Stack trace: loadExtensionState()@resource://gre/modules/addons/XPIProvider.jsm:1596 < getInstallState()@resource://gre/modules/addons/XPIProvider.jsm:1631 < checkForChanges()@resource://gre/modules/addons/XPIProvider.jsm:3152 < startup()@resource://gre/modules/addons/XPIProvider.jsm:2246 < callProvider()@resource://gre/modules/AddonManager.jsm:271 < _startProvider()@resource://gre/modules/AddonManager.jsm:741 < startup()@resource://gre/modules/AddonManager.jsm:908 < startup()@resource://gre/modules/AddonManager.jsm:3122 < observe()@jar:file:///C:/Program%20Files%20(x86)/Mozilla%20Firefox/omni.ja!/components/addonManager.js:65
1503983545556	Marionette	INFO	Enabled via --marionette
[GPU 11320] WARNING: pipe error: 109: file c:/builds/moz2_slave/m-rel-w32-00000000000000000000/build/src/ipc/chromium/src/chrome/common/ipc_channel_win.cc, line 346
[Child 14708] WARNING: pipe error: 109: file c:/builds/moz2_slave/m-rel-w32-00000000000000000000/build/src/ipc/chromium/src/chrome/common/ipc_channel_win.cc, line 346
[Child 14708] WARNING: pipe error: 109: file c:/builds/moz2_slave/m-rel-w32-00000000000000000000/build/src/ipc/chromium/src/chrome/common/ipc_channel_win.cc, line 346
1503983548344	Marionette	INFO	Listening on port 61237
1503983548366	Marionette	INFO	Listening on port 61237
1503983548493	Marionette	WARN	TLS certificate errors will be ignored for this session
1503983548564	Marionette	DEBUG	loaded listener.js
[GPU 11320] WARNING: pipe error: 109: file c:/builds/moz2_slave/m-rel-w32-00000000000000000000/build/src/ipc/c1503983572108	geckodriver::marionette	INFO	Starting browser C:\Program Files (x86)\Mozilla Firefox\firefox.exe with args ["-marionette"]
1503983572578	addons.xpi	WARN	Error parsing extensions state: [Exception... "Component returned failure code: 0x80520012 (NS_ERROR_FILE_NOT_FOUND) [amIAddonManagerStartup.readStartupData]"  nsresult: "0x80520012 (NS_ERROR_FILE_NOT_FOUND)"  location: "JS frame :: resource://gre/modules/addons/XPIProvider.jsm :: loadExtensionState :: line 1596"  data: no] Stack trace: loadExtensionState()@resource://gre/modules/addons/XPIProvider.jsm:1596 < getInstallState()@resource://gre/modules/addons/XPIProvider.jsm:1631 < checkForChanges()@resource://gre/modules/addons/XPIProvider.jsm:3152 < startup()@resource://gre/modules/addons/XPIProvider.jsm:2246 < callProvider()@resource://gre/modules/AddonManager.jsm:271 < _startProvider()@resource://gre/modules/AddonManager.jsm:741 < startup()@resource://gre/modules/AddonManager.jsm:908 < startup()@resource://gre/modules/AddonManager.jsm:3122 < observe()@jar:file:///C:/Program%20Files%20(x86)/Mozilla%20Firefox/omni.ja!/components/addonManager.js:65
1503983573312	Marionette	INFO	Enabled via --marionette
JavaScript error: resource:///modules/ExtensionsUI.jsm, line 50: TypeError: RecentWindow.getMostRecentBrowserWindow(...) is null
[Child 13836] WARNING: pipe error: 109: file c:/builds/moz2_slave/m-rel-w32-00000000000000000000/build/src/ipc/chromium/src/chrome/common/ipc_channel_win.cc, line 346
1503983575417	Marionette	INFO	Listening on port 61282
1503983575446	Marionette	INFO	Listening on port 61282
1503983575764	Marionette	WARN	TLS certificate errors will be ignored for this session
1503983575840	Marionette	DEBUG	loaded listener.js
1503983575945	Marionette	DEBUG	Received DOM event "beforeunload" for "about:blank"
1503983595716	Marionette	DEBUG	Received DOM event "pagehide" for "about:blank"
1503983595716	Marionette	DEBUG	Received DOM event "unload" for "about:blank"
1503983596533	Marionette	DEBUG	Received DOM event "DOMContentLoaded" for "https://www.baidu.com/"
1503983598034	Marionette	DEBUG	Received DOM event "pageshow" for "https://www.baidu.com/"
JavaScript error: https://sp0.baidu.com/5a1Fazu8AA54nxGko9WTAnF6hhy/su?wd=%E6%88%91%E8%A6%81%E8%87%AA&json=1&p=3&sid=1459_21088_18559_17001_20928&req=2&csor=3&pwd=%E6%88%91%E8%A6%81&cb=jQuery110201558165789241749_1503983596201&_=1503983596205, line 1: TypeError: jQuery110201558165789241749_1503983596201 is not a function
[GPU 3112] WARNING: pipe error: 109: file c:/builds/moz2_slave/m-rel-w32-00000000000000000000/build/src/ipc/chromium/src/chrome/common/ipc_channel_win.cc, line 346
[GPU 3112] WARNING: pipe error: 109: file c:/builds/moz2_slave/m-rel-w32-00000000000000000000/build/src/ipc/chromium/src/chrome/common/ipc_channel_win.cc, line 346
[Parent 544] WARNING: pipe error: 109: file c:/builds/moz2_slave/m-rel-w32-00000000000000000000/build/src/ipc/chromium/src/chrome/common/ipc_channel_win.cc, line 346
[Child 14368] WARNING: pipe error: 109: file c:/builds/moz2_slave/m-rel-w32-00000000000000000000/build/src/ipc/chromium/src/chrome/common/ipc_channel_win.cc, line 346
[Child 14368] WARNING: pipe error: 109: file c:/builds/moz2_slave/m-rel-w32-00000000000000000000/build/src/ipc/chromium/src/chrome/common/ipc_channel_win.cc, line 346
[GPU 3112] WARNING: pipe error: 109: file c:/builds/moz2_slave/m-rel-w32-00000000000000000000/build/src/ipc/chromium/src/chrome/common/ipc_channel_win.cc, line 346

###!!! [Child][MessageChannel::SendAndWait] Error: Channel error: cannot send/recv

esource://gre/modules/AddonManager.jsm:3122 < observe()@jar:file:///C:/Program%20Files%20(x86)/Mozilla%20Firefox/omni.ja!/components/addonManager.js:65
1503983632316	Marionette	INFO	Enabled via --marionette
[Child 7124] WARNING: pipe error: 109: file c:/builds/moz2_slave/m-rel-w32-00000000000000000000/build/src/ipc/chromium/src/chrome/common/ipc_channel_win.cc, line 346
[Child 7124] WARNING: pipe error: 109: file c:/builds/moz2_slave/m-rel-w32-00000000000000000000/build/src/ipc/chromium/src/chrome/common/ipc_channel_win.cc, line 346
1503983634480	Marionette	INFO	Listening on port 61370
1503983634494	Marionette	INFO	Listening on port 61370
1503983634780	Marionette	WARN	TLS certificate errors will be ignored for this session
1503983634852	Marionette	DEBUG	loaded listener.js
1503983634923	Marionette	DEBUG	Received DOM event "beforeunload" for "about:blank"
1503983635321	Marionette	DEBUG	Received DOM event "pagehide" for "about:blank"
1503983635322	Marionette	DEBUG	Received DOM event "unload" for "about:blank"
1503983636098	Marionette	DEBUG	Received DOM event "DOMContentLoaded" for "https://www.baidu.com/"
1503983636351	Marionette	DEBUG	Received DOM event "pageshow" for "https://www.baidu.com/"
JavaScript error: https://sp0.baidu.com/5a1Fazu8AA54nxGko9WTAnF6hhy/su?wd=%E6%88%91&json=1&p=3&sid=1445_21115_18559_17001_20929&req=2&csor=1&cb=jQuery110209186820881280777_1503983635839&_=1503983635841, line 1: TypeError: jQuery110209186820881280777_1503983635839 is not a function
JavaScript error: https://sp0.baidu.com/5a1Fazu8AA54nxGko9WTAnF6hhy/su?wd=%E6%88%91%E8%A6%81%E8%87%AA%E5%AD%A6&json=1&p=3&sid=1445_21115_18559_17001_20929&req=2&csor=4&pwd=%E6%88%91%E8%A6%81%E8%87%AA&cb=jQuery110209186820881280777_1503983635839&_=1503983635844, line 1: TypeError: jQuery110209186820881280777_1503983635839 is not a function
JavaScript error: https://sp0.baidu.com/5a1Fazu8AA54nxGko9WTAnF6hhy/su?wd=%E6%88%91%E8%A6%81%E8%87%AA&json=1&p=3&sid=1445_21115_18559_17001_20929&req=2&csor=3&pwd=%E6%88%91%E8%A6%81&cb=jQuery110209186820881280777_1503983635839&_=1503983635843, line 1: TypeError: jQuery110209186820881280777_1503983635839 is not a function
[GPU 13260] WARNING: pipe error: 109: file c:/builds/moz2_slave/m-rel-w32-00000000000000000000/build/src/ipc/chromium/src/chrome/common/ipc_channel_win.cc, line 346
[Child 12800] WARNING: pipe error: 109: file c:/builds/moz2_slave/m-rel-w32-00000000000000000000/build/src/ipc/chromium/src/chrome/common/ipc_channel_win.cc, line 346
[Child 12800] WARNING: pipe error: 109: file c:/builds/moz2_slave/m-rel-w32-00000000000000000000/build/src/ipc/chromium/src/chrome/common/ipc_channel_win.cc, line 346
[GPU 13260] WARNING: pipe error: 109: file c:/builds/moz2_slave/m-rel-w32-00000000000000000000/build/src/ipc/chromium/src/chrome/common/ipc_channel_win.cc, line 346

###!!! [Child][MessageChannel::SendAndWait] Error: Channel error: cannot send/recv

31 < checkForChanges()@resource://gre/modules/addons/XPIProvider.jsm:3152 < startup()@resource://gre/modules/addons/XPIProvider.jsm:2246 < callProvider()@resource://gre/modules/AddonManager.jsm:271 < _startProvider()@resource://gre/modules/AddonManager.jsm:741 < startup()@resource://gre/modules/AddonManager.jsm:908 < startup()@resource://gre/modules/AddonManager.jsm:3122 < observe()@jar:file:///C:/Program%20Files%20(x86)/Mozilla%20Firefox/omni.ja!/components/addonManager.js:65
1503983712629	Marionette	INFO	Enabled via --marionette
1503983714941	Marionette	INFO	Listening on port 61474
1503983714956	Marionette	INFO	Listening on port 61474
1503983715115	Marionette	WARN	TLS certificate errors will be ignored for this session
1503983715192	Marionette	DEBUG	loaded listener.js
1503983715262	Marionette	DEBUG	Received DOM event "beforeunload" for "about:blank"
1503983716007	Marionette	DEBUG	Received DOM event "pagehide" for "about:blank"
1503983716008	Marionette	DEBUG	Received DOM event "unload" for "about:blank"
1503983716813	Marionette	DEBUG	Received DOM event "DOMContentLoaded" for "https://www.baidu.com/"
1503983717078	Marionette	DEBUG	Received DOM event "pageshow" for "https://www.baidu.com/"
JavaScript error: https://sp0.baidu.com/5a1Fazu8AA54nxGko9WTAnF6hhy/su?wd=%E6%88%91%E8%A6%81%E8%87%AA%E5%AD%A6&json=1&p=3&sid=1436_21118_20930&req=2&csor=4&pwd=%E6%88%91%E8%A6%81%E8%87%AA&cb=jQuery11020627170201501753_1503983716530&_=1503983716535, line 1: TypeError: jQuery11020627170201501753_1503983716530 is not a function
[GPU 14804] WARNING: pipe error: 109: file c:/builds/moz2_slave/m-rel-w32-00000000000000000000/build/src/ipc/chromium/src/chrome/common/ipc_channel_win.cc, line 346
[Child 2836] WARNING: pipe error: 109: file c:/builds/moz2_slave/m-rel-w32-00000000000000000000/build/src/ipc/chromium/src/chrome/common/ipc_channel_win.cc, line 346
[Child 2836] WARNING: pipe error: 109: file c:/builds/moz2_slave/m-rel-w32-00000000000000000000/build/src/ipc/chromium/src/chrome/common/ipc_channel_win.cc, line 346
[GPU 14804] WARNING: pipe error: 109: file c:/builds/moz2_slave/m-rel-w32-00000000000000000000/build/src/ipc/chromium/src/chrome/common/ipc_channel_win.cc, line 346

###!!! [Child][MessageChannel::SendAndWait] Error: Channel error: cannot send/recv

1503984205996	geckodriver	INFO	geckodriver 0.18.0
1503984206016	geckodriver	INFO	Listening on 127.0.0.1:61983
1503984208132	geckodriver::marionette	INFO	Starting browser C:\Program Files (x86)\Mozilla Firefox\firefox.exe with args ["-marionette"]
1503984208590	addons.xpi	WARN	Error parsing extensions state: [Exception... "Component returned failure code: 0x80520012 (NS_ERROR_FILE_NOT_FOUND) [amIAddonManagerStartup.readStartupData]"  nsresult: "0x80520012 (NS_ERROR_FILE_NOT_FOUND)"  location: "JS frame :: resource://gre/modules/addons/XPIProvider.jsm :: loadExtensionState :: line 1596"  data: no] Stack trace: loadExtensionState()@resource://gre/modules/addons/XPIProvider.jsm:1596 < getInstallState()@resource://gre/modules/addons/XPIProvider.jsm:1631 < checkForChanges()@resource://gre/modules/addons/XPIProvider.jsm:3152 < startup()@resource://gre/modules/addons/XPIProvider.jsm:2246 < callProvider()@resource://gre/modules/AddonManager.jsm:271 < _startProvider()@resource://gre/modules/AddonManager.jsm:741 < startup()@resource://gre/modules/AddonManager.jsm:908 < startup()@resource://gre/modules/AddonManager.jsm:3122 < observe()@jar:file:///C:/Program%20Files%20(x86)/Mozilla%20Firefox/omni.ja!/components/addonManager.js:65
1503984209317	Marionette	INFO	Enabled via --marionette
[GPU 7672] WARNING: pipe error: 109: file c:/builds/moz2_slave/m-rel-w32-00000000000000000000/build/src/ipc/chromium/src/chrome/common/ipc_channel_win.cc, line 346
JavaScript error: resource:///modules/ExtensionsUI.jsm, line 50: TypeError: RecentWindow.getMostRecentBrowserWindow(...) is null
[Child 16160] WARNING: pipe error: 109: file c:/builds/moz2_slave/m-rel-w32-00000000000000000000/build/src/ipc/chromium/src/chrome/common/ipc_channel_win.cc, line 346
[Child 16160] WARNING: pipe error: 109: file c:/builds/moz2_slave/m-rel-w32-00000000000000000000/build/src/ipc/chromium/src/chrome/common/ipc_channel_win.cc, line 346
1503984211445	Marionette	INFO	Listening on port 61989
1503984211474	Marionette	INFO	Listening on port 61989
1503984211789	Marionette	WARN	TLS certificate errors will be ignored for this session
1503984211844	Marionette	DEBUG	loaded listener.js
1503984211866	Marionette	DEBUG	Received DOM event "beforeunload" for "about:blank"
1503984218751	Marionette	DEBUG	Received DOM event "beforeunload" for "about:blank"
1503984218791	Marionette	DEBUG	Received DOM event "pagehide" for "about:blank"
1503984218792	Marionette	DEBUG	Received DOM event "unload" for "about:blank"
1503984218793	Marionette	DEBUG	Received observer notification "outer-window-destroyed" for "4294967297"
1503984218942	addons.productaddons	WARN	Failed downloading via XHR, status: 0, reason: error
1503984530204	geckodriver	INFO	geckodriver 0.18.0
1503984530220	geckodriver	INFO	Listening on 127.0.0.1:62397
1503984532374	geckodriver::marionette	INFO	Starting browser C:\Program Files (x86)\Mozilla Firefox\firefox.exe with args ["-marionette"]
1503984532851	addons.xpi	WARN	Error parsing extensions state: [Exception... "Component returned failure code: 0x80520012 (NS_ERROR_FILE_NOT_FOUND) [amIAddonManagerStartup.readStartupData]"  nsresult: "0x80520012 (NS_ERROR_FILE_NOT_FOUND)"  location: "JS frame :: resource://gre/modules/addons/XPIProvider.jsm :: loadExtensionState :: line 1596"  data: no] Stack trace: loadExtensionState()@resource://gre/modules/addons/XPIProvider.jsm:1596 < getInstallState()@resource://gre/modules/addons/XPIProvider.jsm:1631 < checkForChanges()@resource://gre/modules/addons/XPIProvider.jsm:3152 < startup()@resource://gre/modules/addons/XPIProvider.jsm:2246 < callProvider()@resource://gre/modules/AddonManager.jsm:271 < _startProvider()@resource://gre/modules/AddonManager.jsm:741 < startup()@resource://gre/modules/AddonManager.jsm:908 < startup()@resource://gre/modules/AddonManager.jsm:3122 < observe()@jar:file:///C:/Program%20Files%20(x86)/Mozilla%20Firefox/omni.ja!/components/addonManager.js:65
1503984533590	Marionette	INFO	Enabled via --marionette
[Parent 15856] WARNING: pipe error: 109: file c:/builds/moz2_slave/m-rel-w32-00000000000000000000/build/src/ipc/chromium/src/chrome/common/ipc_channel_win.cc, line 346
[Child 12660] WARNING: pipe error: 109: file c:/builds/moz2_slave/m-rel-w32-00000000000000000000/build/src/ipc/chromium/src/chrome/common/ipc_channel_win.cc, line 346
[Child 12660] WARNING: pipe error: 109: file c:/builds/moz2_slave/m-rel-w32-00000000000000000000/build/src/ipc/chromium/src/chrome/common/ipc_channel_win.cc, line 346
1503984535954	Marionette	INFO	Listening on port 62403
1503984535971	Marionette	INFO	Listening on port 62403
1503984536043	Marionette	WARN	TLS certificate errors will be ignored for this session
1503984536120	Marionette	DEBUG	loaded listener.js
1503984536171	Marionette	DEBUG	Received DOM event "beforeunload" for "about:blank"
1503984536683	Marionette	DEBUG	Received DOM event "pagehide" for "about:blank"
1503984536683	Marionette	DEBUG	Received DOM event "unload" for "about:blank"
1503984537734	Marionette	DEBUG	Received DOM event "DOMContentLoaded" for "https://www.baidu.com/"
1503984537997	Marionette	DEBUG	Received DOM event "pageshow" for "https://www.baidu.com/"
JavaScript error: https://sp0.baidu.com/5a1Fazu8AA54nxGko9WTAnF6hhy/su?wd=%E6%88%91%E8%A6%81%E8%87%AA&json=1&p=3&sid=1423_21086_17001_22158&req=2&csor=3&pwd=%E6%88%91%E8%A6%81&cb=jQuery1102043662675433158626_1503984537172&_=1503984537176, line 1: TypeError: jQuery1102043662675433158626_1503984537172 is not a function
1503984541651	Marionette	DEBUG	Canceled page load listener because no navigation has been detected
[GPU 16176] WARNING: pipe error: 109: file c:/builds/moz2_slave/m-rel-w32-00000000000000000000/build/src/ipc/chromium/src/chrome/common/ipc_channel_win.cc, line 346
[GPU 16176] WARNING: pipe error: 109: file c:/builds/moz2_slave/m-rel-w32-00000000000000000000/build/src/ipc/chromium/src/chrome/common/ipc_channel_win.cc, line 346
[Child 9352] WARNING: pipe error: 109: file c:/builds/moz2_slave/m-rel-w32-00000000000000000000/build/src/ipc/chromium/src/chrome/common/ipc_channel_win.cc, line 346
[Child 9352] WARNING: pipe error: 109: file c:/builds/moz2_slave/m-rel-w32-00000000000000000000/build/src/ipc/chromium/src/chrome/common/ipc_channel_win.cc, line 346
[GPU 16176] WARNING: pipe error: 109: file c:/builds/moz2_slave/m-rel-w32-00000000000000000000/build/src/ipc/chromium/src/chrome/common/ipc_channel_win.cc, line 346

###!!! [Child][MessageChannel::SendAndWait] Error: Channel error: cannot send/recv

1503984553161	geckodriver	INFO	geckodriver 0.18.0
1503984553184	geckodriver	INFO	Listening on 127.0.0.1:62511
1503984555328	geckodriver::marionette	INFO	Starting browser C:\Program Files (x86)\Mozilla Firefox\firefox.exe with args ["-marionette"]
1503984555796	addons.xpi	WARN	Error parsing extensions state: [Exception... "Component returned failure code: 0x80520012 (NS_ERROR_FILE_NOT_FOUND) [amIAddonManagerStartup.readStartupData]"  nsresult: "0x80520012 (NS_ERROR_FILE_NOT_FOUND)"  location: "JS frame :: resource://gre/modules/addons/XPIProvider.jsm :: loadExtensionState :: line 1596"  data: no] Stack trace: loadExtensionState()@resource://gre/modules/addons/XPIProvider.jsm:1596 < getInstallState()@resource://gre/modules/addons/XPIProvider.jsm:1631 < checkForChanges()@resource://gre/modules/addons/XPIProvider.jsm:3152 < startup()@resource://gre/modules/addons/XPIProvider.jsm:2246 < callProvider()@resource://gre/modules/AddonManager.jsm:271 < _startProvider()@resource://gre/modules/AddonManager.jsm:741 < startup()@resource://gre/modules/AddonManager.jsm:908 < startup()@resource://gre/modules/AddonManager.jsm:3122 < observe()@jar:file:///C:/Program%20Files%20(x86)/Mozilla%20Firefox/omni.ja!/components/addonManager.js:65
1503984556538	Marionette	INFO	Enabled via --marionette
[GPU 6748] WARNING: pipe error: 109: file c:/builds/moz2_slave/m-rel-w32-00000000000000000000/build/src/ipc/chromium/src/chrome/common/ipc_channel_win.cc, line 346
1503984558787	Marionette	INFO	Listening on port 62517
1503984558802	Marionette	INFO	Listening on port 62517
1503984558988	Marionette	WARN	TLS certificate errors will be ignored for this session
1503984559060	Marionette	DEBUG	loaded listener.js
1503984559120	Marionette	DEBUG	Received DOM event "beforeunload" for "about:blank"
1503984559623	Marionette	DEBUG	Received DOM event "pagehide" for "about:blank"
1503984559623	Marionette	DEBUG	Received DOM event "unload" for "about:blank"
1503984560528	Marionette	DEBUG	Received DOM event "DOMContentLoaded" for "https://www.baidu.com/"
1503984561721	Marionette	DEBUG	Received DOM event "pageshow" for "https://www.baidu.com/"
[GPU 6748] WARNING: pipe error: 109: file c:/builds/moz2_slave/m-rel-w32-00000000000000000000/build/src/ipc/chromium/src/chrome/common/ipc_channel_win.cc, line 346
[GPU 6748] WARNING: pipe error: 109: file c:/builds/moz2_slave/m-rel-w32-00000000000000000000/build/src/ipc/chromium/src/chrome/common/ipc_channel_win.cc, line 346
[Child 6700] WARNING: pipe error: 109: file c:/builds/moz2_slave/m-rel-w32-00000000000000000000/build/src/ipc/chromium/src/chrome/common/ipc_channel_win.cc, line 346
[GPU 6748] WARNING: pipe error: 109: file c:/builds/moz2_slave/m-rel-w32-00000000000000000000/build/src/ipc/chromium/src/chrome/common/ipc_channel_win.cc, line 346

###!!! [Child][MessageChannel::SendAndWait] Error: Channel error: cannot send/recv

1503984857177	geckodriver	INFO	geckodriver 0.18.0
1503984857202	geckodriver	INFO	Listening on 127.0.0.1:62755
1503984859372	geckodriver::marionette	INFO	Starting browser C:\Program Files (x86)\Mozilla Firefox\firefox.exe with args ["-marionette"]
1503984859868	addons.xpi	WARN	Error parsing extensions state: [Exception... "Component returned failure code: 0x80520012 (NS_ERROR_FILE_NOT_FOUND) [amIAddonManagerStartup.readStartupData]"  nsresult: "0x80520012 (NS_ERROR_FILE_NOT_FOUND)"  location: "JS frame :: resource://gre/modules/addons/XPIProvider.jsm :: loadExtensionState :: line 1596"  data: no] Stack trace: loadExtensionState()@resource://gre/modules/addons/XPIProvider.jsm:1596 < getInstallState()@resource://gre/modules/addons/XPIProvider.jsm:1631 < checkForChanges()@resource://gre/modules/addons/XPIProvider.jsm:3152 < startup()@resource://gre/modules/addons/XPIProvider.jsm:2246 < callProvider()@resource://gre/modules/AddonManager.jsm:271 < _startProvider()@resource://gre/modules/AddonManager.jsm:741 < startup()@resource://gre/modules/AddonManager.jsm:908 < startup()@resource://gre/modules/AddonManager.jsm:3122 < observe()@jar:file:///C:/Program%20Files%20(x86)/Mozilla%20Firefox/omni.ja!/components/addonManager.js:65
1503984860571	Marionette	INFO	Enabled via --marionette
[Child 5928] WARNING: pipe error: 109: file c:/builds/moz2_slave/m-rel-w32-00000000000000000000/build/src/ipc/chromium/src/chrome/common/ipc_channel_win.cc, line 346
[Child 5928] WARNING: pipe error: 109: file c:/builds/moz2_slave/m-rel-w32-00000000000000000000/build/src/ipc/chromium/src/chrome/common/ipc_channel_win.cc, line 346
1503984862840	Marionette	INFO	Listening on port 62762
1503984862856	Marionette	INFO	Listening on port 62762
1503984863042	Marionette	WARN	TLS certificate errors will be ignored for this session
1503984863107	Marionette	DEBUG	loaded listener.js
1503984863167	Marionette	DEBUG	Received DOM event "beforeunload" for "about:blank"
1503984863372	Marionette	DEBUG	Received DOM event "pagehide" for "about:blank"
1503984863372	Marionette	DEBUG	Received DOM event "unload" for "about:blank"
1503984864873	Marionette	DEBUG	Received DOM event "DOMContentLoaded" for "http://www.51zxw.net/frm_login_new.aspx"
1503984864878	Marionette	DEBUG	Received DOM event "pageshow" for "http://www.51zxw.net/frm_login_new.aspx"
1503984865105	Marionette	DEBUG	Received DOM event "DOMContentLoaded" for "http://www.51zxw.net/"
1503984865962	Marionette	DEBUG	Received DOM event "pageshow" for "http://www.51zxw.net/"
JavaScript error: http://bdimg.share.baidu.com/static/api/js/trans/logger.js?v=d16ec0e3.js, line 1: TypeError: n.ajax.request is not a function
[GPU 6720] WARNING: pipe error: 109: file c:/builds/moz2_slave/m-rel-w32-00000000000000000000/build/src/ipc/chromium/src/chrome/common/ipc_channel_win.cc, line 346
[GPU 6720] WARNING: pipe error: 109: file c:/builds/moz2_slave/m-rel-w32-00000000000000000000/build/src/ipc/chromium/src/chrome/common/ipc_channel_win.cc, line 346
[Parent 13988] WARNING: pipe error: 109: file c:/builds/moz2_slave/m-rel-w32-00000000000000000000/build/src/ipc/chromium/src/chrome/common/ipc_channel_win.cc, line 346
[Child 10512] WARNING: pipe error: 109: file c:/builds/moz2_slave/m-rel-w32-00000000000000000000/build/src/ipc/chromium/src/chrome/common/ipc_channel_win.cc, line 346
[Child 10512] WARNING: pipe error: 109: file c:/builds/moz2_slave/m-rel-w32-00000000000000000000/build/src/ipc/chromium/src/chrome/common/ipc_channel_win.cc, line 346
[GPU 6720] WARNING: pipe error: 109: file c:/builds/moz2_slave/m-rel-w32-00000000000000000000/build/src/ipc/chromium/src/chrome/common/ipc_channel_win.cc, line 346

###!!! [Child][MessageChannel::SendAndWait] Error: Channel error: cannot send/recv

s:65
1503984889402	Marionette	INFO	Enabled via --marionette
1503984891258	Marionette	INFO	Listening on port 62834
1503984891269	Marionette	INFO	Listening on port 62834
1503984891481	Marionette	WARN	TLS certificate errors will be ignored for this session
1503984891550	Marionette	DEBUG	loaded listener.js
1503984891611	Marionette	DEBUG	Received DOM event "beforeunload" for "about:blank"
1503984891787	Marionette	DEBUG	Received DOM event "pagehide" for "about:blank"
1503984891787	Marionette	DEBUG	Received DOM event "unload" for "about:blank"
1503984893044	Marionette	DEBUG	Received DOM event "DOMContentLoaded" for "http://www.51zxw.net/"
1503984893564	Marionette	DEBUG	Received DOM event "DOMContentLoaded" for "http://www.51zxw.net/frm_login_new.aspx"
1503984893571	Marionette	DEBUG	Received DOM event "pageshow" for "http://www.51zxw.net/frm_login_new.aspx"
1503984895132	Marionette	DEBUG	Received DOM event "pageshow" for "http://www.51zxw.net/"
JavaScript error: http://bdimg.share.baidu.com/static/api/js/trans/logger.js?v=d16ec0e3.js, line 1: TypeError: n.ajax.request is not a function
[GPU 15236] WARNING: pipe error: 109: file c:/builds/moz2_slave/m-rel-w32-00000000000000000000/build/src/ipc/chromium/src/chrome/common/ipc_channel_win.cc, line 346
[GPU 15236] WARNING: pipe error: 109: file c:/builds/moz2_slave/m-rel-w32-00000000000000000000/build/src/ipc/chromium/src/chrome/common/ipc_channel_win.cc, line 346
[Child 1780] WARNING: pipe error: 109: file c:/builds/moz2_slave/m-rel-w32-00000000000000000000/build/src/ipc/chromium/src/chrome/common/ipc_channel_win.cc, line 346

###!!! [Child][MessageChannel::SendAndWait] Error: Channel error: cannot send/recv

1504004722318	geckodriver	INFO	geckodriver 0.18.0
1504004722335	geckodriver	INFO	Listening on 127.0.0.1:61098
1504004724488	geckodriver::marionette	INFO	Starting browser C:\Program Files (x86)\Mozilla Firefox\firefox.exe with args ["-marionette"]
1504004725067	addons.xpi	WARN	Error parsing extensions state: [Exception... "Component returned failure code: 0x80520012 (NS_ERROR_FILE_NOT_FOUND) [amIAddonManagerStartup.readStartupData]"  nsresult: "0x80520012 (NS_ERROR_FILE_NOT_FOUND)"  location: "JS frame :: resource://gre/modules/addons/XPIProvider.jsm :: loadExtensionState :: line 1596"  data: no] Stack trace: loadExtensionState()@resource://gre/modules/addons/XPIProvider.jsm:1596 < getInstallState()@resource://gre/modules/addons/XPIProvider.jsm:1631 < checkForChanges()@resource://gre/modules/addons/XPIProvider.jsm:3152 < startup()@resource://gre/modules/addons/XPIProvider.jsm:2246 < callProvider()@resource://gre/modules/AddonManager.jsm:271 < _startProvider()@resource://gre/modules/AddonManager.jsm:741 < startup()@resource://gre/modules/AddonManager.jsm:908 < startup()@resource://gre/modules/AddonManager.jsm:3122 < observe()@jar:file:///C:/Program%20Files%20(x86)/Mozilla%20Firefox/omni.ja!/components/addonManager.js:65
1504004725793	Marionette	INFO	Enabled via --marionette
[GPU 15344] WARNING: pipe error: 109: file c:/builds/moz2_slave/m-rel-w32-00000000000000000000/build/src/ipc/chromium/src/chrome/common/ipc_channel_win.cc, line 346
JavaScript error: resource:///modules/ExtensionsUI.jsm, line 50: TypeError: RecentWindow.getMostRecentBrowserWindow(...) is null
[Child 15920] WARNING: pipe error: 109: file c:/builds/moz2_slave/m-rel-w32-00000000000000000000/build/src/ipc/chromium/src/chrome/common/ipc_channel_win.cc, line 346
[Child 15920] WARNING: pipe error: 109: file c:/builds/moz2_slave/m-rel-w32-00000000000000000000/build/src/ipc/chromium/src/chrome/common/ipc_channel_win.cc, line 346
[GPU 15344] WARNING: pipe error: 109: file c:/builds/moz2_slave/m-rel-w32-00000000000000000000/build/src/ipc/chromium/src/chrome/common/ipc_channel_win.cc, line 346
1504004728047	Marionette	INFO	Listening on port 61105
1504004728053	Marionette	INFO	Listening on port 61105
JavaScript error: , line 0: TypeError: NetworkError when attempting to fetch resource.
[Child 4576] WARNING: pipe error: 109: file c:/builds/moz2_slave/m-rel-w32-00000000000000000000/build/src/ipc/chromium/src/chrome/common/ipc_channel_win.cc, line 346
[Child 4576] WARNING: pipe error: 109: file c:/builds/moz2_slave/m-rel-w32-00000000000000000000/build/src/ipc/chromium/src/chrome/common/ipc_channel_win.cc, line 346
[GPU 15344] WARNING: pipe error: 109: file c:/builds/moz2_slave/m-rel-w32-00000000000000000000/build/src/ipc/chromium/src/chrome/common/ipc_channel_win.cc, line 346

###!!! [Child][MessageChannel::SendAndWait] Error: Channel error: cannot send/recv

1504004747505	geckodriver	INFO	geckodriver 0.18.0
1504004747521	geckodriver	INFO	Listening on 127.0.0.1:61150
1504004749666	geckodriver::marionette	INFO	Starting browser C:\Program Files (x86)\Mozilla Firefox\firefox.exe with args ["-marionette"]
1504004750172	addons.xpi	WARN	Error parsing extensions state: [Exception... "Component returned failure code: 0x80520012 (NS_ERROR_FILE_NOT_FOUND) [amIAddonManagerStartup.readStartupData]"  nsresult: "0x80520012 (NS_ERROR_FILE_NOT_FOUND)"  location: "JS frame :: resource://gre/modules/addons/XPIProvider.jsm :: loadExtensionState :: line 1596"  data: no] Stack trace: loadExtensionState()@resource://gre/modules/addons/XPIProvider.jsm:1596 < getInstallState()@resource://gre/modules/addons/XPIProvider.jsm:1631 < checkForChanges()@resource://gre/modules/addons/XPIProvider.jsm:3152 < startup()@resource://gre/modules/addons/XPIProvider.jsm:2246 < callProvider()@resource://gre/modules/AddonManager.jsm:271 < _startProvider()@resource://gre/modules/AddonManager.jsm:741 < startup()@resource://gre/modules/AddonManager.jsm:908 < startup()@resource://gre/modules/AddonManager.jsm:3122 < observe()@jar:file:///C:/Program%20Files%20(x86)/Mozilla%20Firefox/omni.ja!/components/addonManager.js:65
1504004750902	Marionette	INFO	Enabled via --marionette
[GPU 12424] WARNING: pipe error: 109: file c:/builds/moz2_slave/m-rel-w32-00000000000000000000/build/src/ipc/chromium/src/chrome/common/ipc_channel_win.cc, line 346
1504004753015	Marionette	INFO	Listening on port 61156
1504004753040	Marionette	INFO	Listening on port 61156
1504004753316	Marionette	WARN	TLS certificate errors will be ignored for this session
1504004753383	Marionette	DEBUG	loaded listener.js
1504004753430	Marionette	DEBUG	Received DOM event "beforeunload" for "about:blank"
1504004753687	Marionette	DEBUG	Received DOM event "pagehide" for "about:blank"
1504004753688	Marionette	DEBUG	Received DOM event "unload" for "about:blank"
JavaScript error: http://www.51zxw.net/ThickBox/thickbox_sc.js, line 11: ReferenceError: $ is not defined
JavaScript error: http://www.51zxw.net/, line 32: ReferenceError: $ is not defined
1504004754336	Marionette	DEBUG	Received DOM event "DOMContentLoaded" for "http://www.51zxw.net/frm_login_new.aspx"
1504004754345	Marionette	DEBUG	Received DOM event "pageshow" for "http://www.51zxw.net/frm_login_new.aspx"
1504004754972	Marionette	DEBUG	Received DOM event "DOMContentLoaded" for "http://www.51zxw.net/"
1504004756286	Marionette	DEBUG	Received DOM event "pageshow" for "http://www.51zxw.net/"
1504004756417	Marionette	DEBUG	Received DOM event "beforeunload" for "http://www.51zxw.net/"
1504004756542	Marionette	DEBUG	Received DOM event "pagehide" for "http://www.51zxw.net/"
1504004756543	Marionette	DEBUG	Received DOM event "unload" for "http://www.51zxw.net/"
1504004756712	Marionette	DEBUG	Received observer notification "outer-window-destroyed" for "2147483656"
1504004756903	Marionette	DEBUG	Received DOM event "DOMContentLoaded" for "http://www.51zxw.net/frm_login_new.aspx"
1504004756906	Marionette	DEBUG	Received DOM event "pageshow" for "http://www.51zxw.net/frm_login_new.aspx"
1504004757262	Marionette	DEBUG	Received DOM event "DOMContentLoaded" for "http://www.51zxw.net/list.aspx?cid=451"
JavaScript warning: http://pos.baidu.com/s?hei=90&wid=728&di=u2737468&ltu=http%3A%2F%2Fwww.51zxw.net%2Flist.aspx%3Fcid%3D451&ti=%E7%A8%8B%E5%BA%8F%E5%BC%80%E5%8F%91-%E6%88%91%E8%A6%81%E8%87%AA%E5%AD%A6%E7%BD%91&pis=-1x-1&tpr=1504004757211&tcn=1504004757&psr=1920x1080&ccd=24&dc=2&dis=0&cpl=0&cfv=0&pss=1251x6820&cmi=0&pcs=1251x845&cja=false&ant=0&col=zh-CN&tlm=1504004757&cdo=-1&ari=2&dai=2&chi=2&cec=gbk&cce=true&par=1920x1040&ps=6353x60&dtm=HTML_POST&drs=1&dri=1&exps=111000&ltr=http%3A%2F%2Fwww.51zxw.net%2F, line 83: unreachable code after return statement
JavaScript warning: http://pos.baidu.com/s?hei=90&wid=728&di=u2737468&ltu=http%3A%2F%2Fwww.51zxw.net%2Flist.aspx%3Fcid%3D451&ti=%E7%A8%8B%E5%BA%8F%E5%BC%80%E5%8F%91-%E6%88%91%E8%A6%81%E8%87%AA%E5%AD%A6%E7%BD%91&pis=-1x-1&tpr=1504004757211&tcn=1504004757&psr=1920x1080&ccd=24&dc=2&dis=0&cpl=0&cfv=0&pss=1251x6820&cmi=0&pcs=1251x845&cja=false&ant=0&col=zh-CN&tlm=1504004757&cdo=-1&ari=2&dai=2&chi=2&cec=gbk&cce=true&par=1920x1040&ps=6353x60&dtm=HTML_POST&drs=1&dri=1&exps=111000&ltr=http%3A%2F%2Fwww.51zxw.net%2F, line 83: unreachable code after return statement
1504004757616	Marionette	DEBUG	Received DOM event "DOMContentLoaded" for "http://pos.baidu.com/s?hei=90&wid=728&di=u1171120&ltu=http%3A%2F%2Fwww.51zxw.net%2Flist.aspx%3Fcid%3D451&cfv=0&chi=2&dis=0&ccd=24&ti=%E7%A8%8B%E5%BA%8F%E5%BC%80%E5%8F%91-%E6%88%91%E8%A6%81%E8%87%AA%E5%AD%A6%E7%BD%91&cec=gbk&psr=1920x1080&exps=111000&tpr=1504004757211&ltr=http%3A%2F%2Fwww.51zxw.net%2F&cmi=0&dri=1&dc=2&cdo=-1&dtm=HTML_POST&ari=2&tlm=1504004757&cpl=0&ps=512x60&pis=-1x-1&ant=0&par=1920x1040&drs=1&dai=1&cce=true&tcn=1504004757&col=zh-CN&cja=false&pss=1251x6721&pcs=1251x845"
1504004757618	Marionette	DEBUG	Received DOM event "DOMContentLoaded" for "http://pos.baidu.com/s?hei=600&wid=160&di=u1481258&ltu=http%3A%2F%2Fwww.51zxw.net%2Flist.aspx%3Fcid%3D451&cfv=0&par=1920x1040&pss=1251x6910&tcn=1504004757&drs=1&ari=2&cdo=-1&ps=1609x965&psr=1920x1080&tlm=1504004757&ti=%E7%A8%8B%E5%BA%8F%E5%BC%80%E5%8F%91-%E6%88%91%E8%A6%81%E8%87%AA%E5%AD%A6%E7%BD%91&cpl=0&ant=0&chi=2&cja=false&dai=3&cce=true&cmi=0&dri=1&dc=2&ltr=http%3A%2F%2Fwww.51zxw.net%2F&tpr=1504004757211&cec=gbk&exps=111000&col=zh-CN&ccd=24&dis=0&pcs=1251x845&pis=-1x-1&dtm=HTML_POST"
1504004757618	Marionette	DEBUG	Received DOM event "DOMContentLoaded" for "http://pos.baidu.com/s?hei=90&wid=728&di=u2737468&ltu=http%3A%2F%2Fwww.51zxw.net%2Flist.aspx%3Fcid%3D451&ti=%E7%A8%8B%E5%BA%8F%E5%BC%80%E5%8F%91-%E6%88%91%E8%A6%81%E8%87%AA%E5%AD%A6%E7%BD%91&pis=-1x-1&tpr=1504004757211&tcn=1504004757&psr=1920x1080&ccd=24&dc=2&dis=0&cpl=0&cfv=0&pss=1251x6820&cmi=0&pcs=1251x845&cja=false&ant=0&col=zh-CN&tlm=1504004757&cdo=-1&ari=2&dai=2&chi=2&cec=gbk&cce=true&par=1920x1040&ps=6353x60&dtm=HTML_POST&drs=1&dri=1&exps=111000&ltr=http%3A%2F%2Fwww.51zxw.net%2F"
1504004757862	Marionette	DEBUG	Received DOM event "pageshow" for "http://pos.baidu.com/s?hei=90&wid=728&di=u1171120&ltu=http%3A%2F%2Fwww.51zxw.net%2Flist.aspx%3Fcid%3D451&cfv=0&chi=2&dis=0&ccd=24&ti=%E7%A8%8B%E5%BA%8F%E5%BC%80%E5%8F%91-%E6%88%91%E8%A6%81%E8%87%AA%E5%AD%A6%E7%BD%91&cec=gbk&psr=1920x1080&exps=111000&tpr=1504004757211&ltr=http%3A%2F%2Fwww.51zxw.net%2F&cmi=0&dri=1&dc=2&cdo=-1&dtm=HTML_POST&ari=2&tlm=1504004757&cpl=0&ps=512x60&pis=-1x-1&ant=0&par=1920x1040&drs=1&dai=1&cce=true&tcn=1504004757&col=zh-CN&cja=false&pss=1251x6721&pcs=1251x845"
1504004757864	Marionette	DEBUG	Received DOM event "pageshow" for "http://pos.baidu.com/s?hei=600&wid=160&di=u1481258&ltu=http%3A%2F%2Fwww.51zxw.net%2Flist.aspx%3Fcid%3D451&cfv=0&par=1920x1040&pss=1251x6910&tcn=1504004757&drs=1&ari=2&cdo=-1&ps=1609x965&psr=1920x1080&tlm=1504004757&ti=%E7%A8%8B%E5%BA%8F%E5%BC%80%E5%8F%91-%E6%88%91%E8%A6%81%E8%87%AA%E5%AD%A6%E7%BD%91&cpl=0&ant=0&chi=2&cja=false&dai=3&cce=true&cmi=0&dri=1&dc=2&ltr=http%3A%2F%2Fwww.51zxw.net%2F&tpr=1504004757211&cec=gbk&exps=111000&col=zh-CN&ccd=24&dis=0&pcs=1251x845&pis=-1x-1&dtm=HTML_POST"
1504004758832	Marionette	DEBUG	Received DOM event "pageshow" for "http://pos.baidu.com/s?hei=90&wid=728&di=u2737468&ltu=http%3A%2F%2Fwww.51zxw.net%2Flist.aspx%3Fcid%3D451&ti=%E7%A8%8B%E5%BA%8F%E5%BC%80%E5%8F%91-%E6%88%91%E8%A6%81%E8%87%AA%E5%AD%A6%E7%BD%91&pis=-1x-1&tpr=1504004757211&tcn=1504004757&psr=1920x1080&ccd=24&dc=2&dis=0&cpl=0&cfv=0&pss=1251x6820&cmi=0&pcs=1251x845&cja=false&ant=0&col=zh-CN&tlm=1504004757&cdo=-1&ari=2&dai=2&chi=2&cec=gbk&cce=true&par=1920x1040&ps=6353x60&dtm=HTML_POST&drs=1&dri=1&exps=111000&ltr=http%3A%2F%2Fwww.51zxw.net%2F"
1504004758838	Marionette	DEBUG	Received DOM event "pageshow" for "http://www.51zxw.net/list.aspx?cid=451"
1504004762059	Marionette	DEBUG	loaded listener.js
JavaScript error: http://www.51zxw.net/list.aspx?cid=451, line 72: TypeError: bb[i] is undefined
JavaScript error: http://bdimg.share.baidu.com/static/api/js/trans/logger.js?v=d16ec0e3.js, line 1: TypeError: n.ajax.request is not a function
JavaScript error: http://bdimg.share.baidu.com/static/api/js/trans/logger.js?v=d16ec0e3.js, line 1: TypeError: n.ajax.request is not a function
[GPU 12424] WARNING: pipe error: 109: file c:/builds/moz2_slave/m-rel-w32-00000000000000000000/build/src/ipc/chromium/src/chrome/common/ipc_channel_win.cc, line 346
[Parent 10648] WARNING: pipe error: 109: file c:/builds/moz2_slave/m-rel-w32-00000000000000000000/build/src/ipc/chromium/src/chrome/common/ipc_channel_win.cc, line 346
[Child 7464] WARNING: pipe error: 109: file c:/builds/moz2_slave/m-rel-w32-00000000000000000000/build/src/ipc/chromium/src/chrome/common/ipc_channel_win.cc, line 346
[GPU 12424] WARNING: pipe error: 109: file c:/builds/moz2_slave/m-rel-w32-00000000000000000000/build/src/ipc/chromium/src/chrome/common/ipc_channel_win.cc, line 346

###!!! [Child][MessageChannel::SendAndWait] Error: Channel error: cannot send/recv

1504005119868	geckodriver	INFO	geckodriver 0.18.0
1504005119892	geckodriver	INFO	Listening on 127.0.0.1:61404
1504005122040	geckodriver::marionette	INFO	Starting browser C:\Program Files (x86)\Mozilla Firefox\firefox.exe with args ["-marionette"]
1504005122531	addons.xpi	WARN	Error parsing extensions state: [Exception... "Component returned failure code: 0x80520012 (NS_ERROR_FILE_NOT_FOUND) [amIAddonManagerStartup.readStartupData]"  nsresult: "0x80520012 (NS_ERROR_FILE_NOT_FOUND)"  location: "JS frame :: resource://gre/modules/addons/XPIProvider.jsm :: loadExtensionState :: line 1596"  data: no] Stack trace: loadExtensionState()@resource://gre/modules/addons/XPIProvider.jsm:1596 < getInstallState()@resource://gre/modules/addons/XPIProvider.jsm:1631 < checkForChanges()@resource://gre/modules/addons/XPIProvider.jsm:3152 < startup()@resource://gre/modules/addons/XPIProvider.jsm:2246 < callProvider()@resource://gre/modules/AddonManager.jsm:271 < _startProvider()@resource://gre/modules/AddonManager.jsm:741 < startup()@resource://gre/modules/AddonManager.jsm:908 < startup()@resource://gre/modules/AddonManager.jsm:3122 < observe()@jar:file:///C:/Program%20Files%20(x86)/Mozilla%20Firefox/omni.ja!/components/addonManager.js:65
1504005123229	Marionette	INFO	Enabled via --marionette
[GPU 15656] WARNING: pipe error: 109: file c:/builds/moz2_slave/m-rel-w32-00000000000000000000/build/src/ipc/chromium/src/chrome/common/ipc_channel_win.cc, line 346
1504005125478	Marionette	INFO	Listening on port 61413
1504005125489	Marionette	INFO	Listening on port 61413
1504005125689	Marionette	WARN	TLS certificate errors will be ignored for this session
1504005125755	Marionette	DEBUG	loaded listener.js
1504005125811	Marionette	DEBUG	Received DOM event "beforeunload" for "about:blank"
1504005125973	Marionette	DEBUG	Received DOM event "pagehide" for "about:blank"
1504005125974	Marionette	DEBUG	Received DOM event "unload" for "about:blank"
1504005127453	Marionette	DEBUG	Received DOM event "DOMContentLoaded" for "http://www.51zxw.net/"
1504005127565	Marionette	DEBUG	Received DOM event "DOMContentLoaded" for "http://www.51zxw.net/frm_login_new.aspx"
1504005127571	Marionette	DEBUG	Received DOM event "pageshow" for "http://www.51zxw.net/frm_login_new.aspx"
1504005129125	Marionette	DEBUG	Received DOM event "pageshow" for "http://www.51zxw.net/"
1504005129273	Marionette	DEBUG	Received DOM event "beforeunload" for "http://www.51zxw.net/"
1504005129398	Marionette	DEBUG	Received DOM event "pagehide" for "http://www.51zxw.net/"
1504005129399	Marionette	DEBUG	Received DOM event "unload" for "http://www.51zxw.net/"
1504005129515	Marionette	DEBUG	Received observer notification "outer-window-destroyed" for "2147483656"
1504005130084	Marionette	DEBUG	Received DOM event "DOMContentLoaded" for "http://www.51zxw.net/list.aspx?cid=451"
1504005130096	Marionette	DEBUG	Received DOM event "DOMContentLoaded" for "http://www.51zxw.net/frm_login_new.aspx"
1504005130106	Marionette	DEBUG	Received DOM event "pageshow" for "http://www.51zxw.net/frm_login_new.aspx"
JavaScript warning: http://pos.baidu.com/s?hei=90&wid=728&di=u2737468&ltu=http%3A%2F%2Fwww.51zxw.net%2Flist.aspx%3Fcid%3D451&tlm=1504005130&ps=6353x60&psr=1920x1080&ant=0&pcs=1251x845&tcn=1504005130&cce=true&cpl=0&par=1920x1040&cmi=0&cec=gbk&pss=1251x6820&ti=%E7%A8%8B%E5%BA%8F%E5%BC%80%E5%8F%91-%E6%88%91%E8%A6%81%E8%87%AA%E5%AD%A6%E7%BD%91&dai=2&ltr=http%3A%2F%2Fwww.51zxw.net%2F&cfv=0&col=zh-CN&chi=2&exps=111000&dtm=HTML_POST&dc=2&ari=2&dis=0&cja=false&pis=-1x-1&drs=1&ccd=24&cdo=-1&tpr=1504005130009&dri=1, line 83: unreachable code after return statement
JavaScript warning: http://pos.baidu.com/s?hei=90&wid=728&di=u2737468&ltu=http%3A%2F%2Fwww.51zxw.net%2Flist.aspx%3Fcid%3D451&tlm=1504005130&ps=6353x60&psr=1920x1080&ant=0&pcs=1251x845&tcn=1504005130&cce=true&cpl=0&par=1920x1040&cmi=0&cec=gbk&pss=1251x6820&ti=%E7%A8%8B%E5%BA%8F%E5%BC%80%E5%8F%91-%E6%88%91%E8%A6%81%E8%87%AA%E5%AD%A6%E7%BD%91&dai=2&ltr=http%3A%2F%2Fwww.51zxw.net%2F&cfv=0&col=zh-CN&chi=2&exps=111000&dtm=HTML_POST&dc=2&ari=2&dis=0&cja=false&pis=-1x-1&drs=1&ccd=24&cdo=-1&tpr=1504005130009&dri=1, line 83: unreachable code after return statement
1504005130482	Marionette	DEBUG	Received DOM event "DOMContentLoaded" for "http://pos.baidu.com/s?hei=90&wid=728&di=u2737468&ltu=http%3A%2F%2Fwww.51zxw.net%2Flist.aspx%3Fcid%3D451&tlm=1504005130&ps=6353x60&psr=1920x1080&ant=0&pcs=1251x845&tcn=1504005130&cce=true&cpl=0&par=1920x1040&cmi=0&cec=gbk&pss=1251x6820&ti=%E7%A8%8B%E5%BA%8F%E5%BC%80%E5%8F%91-%E6%88%91%E8%A6%81%E8%87%AA%E5%AD%A6%E7%BD%91&dai=2&ltr=http%3A%2F%2Fwww.51zxw.net%2F&cfv=0&col=zh-CN&chi=2&exps=111000&dtm=HTML_POST&dc=2&ari=2&dis=0&cja=false&pis=-1x-1&drs=1&ccd=24&cdo=-1&tpr=1504005130009&dri=1"
1504005130580	Marionette	DEBUG	Received DOM event "DOMContentLoaded" for "http://pos.baidu.com/s?hei=600&wid=160&di=u1481258&ltu=http%3A%2F%2Fwww.51zxw.net%2Flist.aspx%3Fcid%3D451&cec=gbk&cce=true&ari=2&pss=1251x6910&tcn=1504005130&ltr=http%3A%2F%2Fwww.51zxw.net%2F&chi=2&pcs=1251x845&cpl=0&psr=1920x1080&tlm=1504005130&drs=1&pis=-1x-1&cfv=0&cmi=0&col=zh-CN&ant=0&dc=2&dis=0&cja=false&ti=%E7%A8%8B%E5%BA%8F%E5%BC%80%E5%8F%91-%E6%88%91%E8%A6%81%E8%87%AA%E5%AD%A6%E7%BD%91&par=1920x1040&cdo=-1&tpr=1504005130009&ps=1609x965&dri=1&dtm=HTML_POST&dai=3&exps=111000&ccd=24"
1504005130590	Marionette	DEBUG	Received DOM event "DOMContentLoaded" for "http://pos.baidu.com/s?hei=90&wid=728&di=u1171120&ltu=http%3A%2F%2Fwww.51zxw.net%2Flist.aspx%3Fcid%3D451&col=zh-CN&dis=0&dri=1&tlm=1504005130&cec=gbk&psr=1920x1080&cmi=0&ps=512x60&cfv=0&pss=1251x6721&cdo=-1&ant=0&ti=%E7%A8%8B%E5%BA%8F%E5%BC%80%E5%8F%91-%E6%88%91%E8%A6%81%E8%87%AA%E5%AD%A6%E7%BD%91&cja=false&tpr=1504005130009&exps=111000&dc=2&ari=2&dtm=HTML_POST&cce=true&tcn=1504005130&ccd=24&pis=-1x-1&dai=1&chi=2&par=1920x1040&ltr=http%3A%2F%2Fwww.51zxw.net%2F&cpl=0&drs=1&pcs=1251x845"
1504005131823	Marionette	DEBUG	Received DOM event "pageshow" for "http://pos.baidu.com/s?hei=600&wid=160&di=u1481258&ltu=http%3A%2F%2Fwww.51zxw.net%2Flist.aspx%3Fcid%3D451&cec=gbk&cce=true&ari=2&pss=1251x6910&tcn=1504005130&ltr=http%3A%2F%2Fwww.51zxw.net%2F&chi=2&pcs=1251x845&cpl=0&psr=1920x1080&tlm=1504005130&drs=1&pis=-1x-1&cfv=0&cmi=0&col=zh-CN&ant=0&dc=2&dis=0&cja=false&ti=%E7%A8%8B%E5%BA%8F%E5%BC%80%E5%8F%91-%E6%88%91%E8%A6%81%E8%87%AA%E5%AD%A6%E7%BD%91&par=1920x1040&cdo=-1&tpr=1504005130009&ps=1609x965&dri=1&dtm=HTML_POST&dai=3&exps=111000&ccd=24"
1504005131835	Marionette	DEBUG	Received DOM event "pageshow" for "http://pos.baidu.com/s?hei=90&wid=728&di=u1171120&ltu=http%3A%2F%2Fwww.51zxw.net%2Flist.aspx%3Fcid%3D451&col=zh-CN&dis=0&dri=1&tlm=1504005130&cec=gbk&psr=1920x1080&cmi=0&ps=512x60&cfv=0&pss=1251x6721&cdo=-1&ant=0&ti=%E7%A8%8B%E5%BA%8F%E5%BC%80%E5%8F%91-%E6%88%91%E8%A6%81%E8%87%AA%E5%AD%A6%E7%BD%91&cja=false&tpr=1504005130009&exps=111000&dc=2&ari=2&dtm=HTML_POST&cce=true&tcn=1504005130&ccd=24&pis=-1x-1&dai=1&chi=2&par=1920x1040&ltr=http%3A%2F%2Fwww.51zxw.net%2F&cpl=0&drs=1&pcs=1251x845"
1504005131838	Marionette	DEBUG	Received DOM event "pageshow" for "http://pos.baidu.com/s?hei=90&wid=728&di=u2737468&ltu=http%3A%2F%2Fwww.51zxw.net%2Flist.aspx%3Fcid%3D451&tlm=1504005130&ps=6353x60&psr=1920x1080&ant=0&pcs=1251x845&tcn=1504005130&cce=true&cpl=0&par=1920x1040&cmi=0&cec=gbk&pss=1251x6820&ti=%E7%A8%8B%E5%BA%8F%E5%BC%80%E5%8F%91-%E6%88%91%E8%A6%81%E8%87%AA%E5%AD%A6%E7%BD%91&dai=2&ltr=http%3A%2F%2Fwww.51zxw.net%2F&cfv=0&col=zh-CN&chi=2&exps=111000&dtm=HTML_POST&dc=2&ari=2&dis=0&cja=false&pis=-1x-1&drs=1&ccd=24&cdo=-1&tpr=1504005130009&dri=1"
1504005131842	Marionette	DEBUG	Received DOM event "pageshow" for "http://www.51zxw.net/list.aspx?cid=451"
1504005135132	Marionette	DEBUG	loaded listener.js
JavaScript error: http://cdn.adinall.com/js/ssp.js line 1 > eval, line 1: TypeError: document.getElementById(...).contentWindow.document.getElementsByClassName(...)[0].getElementsByTagName(...)[0] is undefined
JavaScript error: http://www.51zxw.net/list.aspx?cid=451, line 72: TypeError: bb[i] is undefined
JavaScript error: http://bdimg.share.baidu.com/static/api/js/trans/logger.js?v=d16ec0e3.js, line 1: TypeError: n.ajax.request is not a function
JavaScript error: http://bdimg.share.baidu.com/static/api/js/trans/logger.js?v=d16ec0e3.js, line 1: TypeError: n.ajax.request is not a function
[GPU 15656] WARNING: pipe error: 109: file c:/builds/moz2_slave/m-rel-w32-00000000000000000000/build/src/ipc/chromium/src/chrome/common/ipc_channel_win.cc, line 346
[GPU 15656] WARNING: pipe error: 109: file c:/builds/moz2_slave/m-rel-w32-00000000000000000000/build/src/ipc/chromium/src/chrome/common/ipc_channel_win.cc, line 346
[Child 12600] WARNING: pipe error: 109: file c:/builds/moz2_slave/m-rel-w32-00000000000000000000/build/src/ipc/chromium/src/chrome/common/ipc_channel_win.cc, line 346
[Child 12600] WARNING: pipe error: 109: file c:/builds/moz2_slave/m-rel-w32-00000000000000000000/build/src/ipc/chromium/src/chrome/common/ipc_channel_win.cc, line 346
[GPU 15656] WARNING: pipe error: 109: file c:/builds/moz2_slave/m-rel-w32-00000000000000000000/build/src/ipc/chromium/src/chrome/common/ipc_channel_win.cc, line 346

###!!! [Child][MessageChannel::SendAndWait] Error: Channel error: cannot send/recv

1504005851716	geckodriver	INFO	geckodriver 0.18.0
1504005851742	geckodriver	INFO	Listening on 127.0.0.1:61836
1504005853893	geckodriver::marionette	INFO	Starting browser C:\Program Files (x86)\Mozilla Firefox\firefox.exe with args ["-marionette"]
1504005854389	addons.xpi	WARN	Error parsing extensions state: [Exception... "Component returned failure code: 0x80520012 (NS_ERROR_FILE_NOT_FOUND) [amIAddonManagerStartup.readStartupData]"  nsresult: "0x80520012 (NS_ERROR_FILE_NOT_FOUND)"  location: "JS frame :: resource://gre/modules/addons/XPIProvider.jsm :: loadExtensionState :: line 1596"  data: no] Stack trace: loadExtensionState()@resource://gre/modules/addons/XPIProvider.jsm:1596 < getInstallState()@resource://gre/modules/addons/XPIProvider.jsm:1631 < checkForChanges()@resource://gre/modules/addons/XPIProvider.jsm:3152 < startup()@resource://gre/modules/addons/XPIProvider.jsm:2246 < callProvider()@resource://gre/modules/AddonManager.jsm:271 < _startProvider()@resource://gre/modules/AddonManager.jsm:741 < startup()@resource://gre/modules/AddonManager.jsm:908 < startup()@resource://gre/modules/AddonManager.jsm:3122 < observe()@jar:file:///C:/Program%20Files%20(x86)/Mozilla%20Firefox/omni.ja!/components/addonManager.js:65
1504005855110	Marionette	INFO	Enabled via --marionette
1504005857459	Marionette	INFO	Listening on port 61843
1504005857476	Marionette	INFO	Listening on port 61843
1504005857557	Marionette	WARN	TLS certificate errors will be ignored for this session
1504005857633	Marionette	DEBUG	loaded listener.js
1504005857687	Marionette	DEBUG	Received DOM event "beforeunload" for "about:blank"
1504005877756	Marionette	DEBUG	Received DOM event "pagehide" for "about:blank"
1504005877756	Marionette	DEBUG	Received DOM event "unload" for "about:blank"
1504005878400	Marionette	DEBUG	Received DOM event "DOMContentLoaded" for "https://www.baidu.com/"
1504005878657	Marionette	DEBUG	Received DOM event "pageshow" for "https://www.baidu.com/"
1504005878803	Marionette	DEBUG	Received DOM event "beforeunload" for "https://www.baidu.com/"
1504005878889	Marionette	DEBUG	Received DOM event "pagehide" for "https://www.baidu.com/"
1504005878892	Marionette	DEBUG	Received DOM event "unload" for "https://www.baidu.com/"
1504005879082	Marionette	DEBUG	Received DOM event "DOMContentLoaded" for "https://www.baidu.com/"
1504005879142	Marionette	DEBUG	Received DOM event "pageshow" for "https://www.baidu.com/"
1504005881159	Marionette	INFO	New connections will no longer be accepted
1504005890081	geckodriver	INFO	geckodriver 0.18.0
1504005890097	geckodriver	INFO	Listening on 127.0.0.1:61900
1504005892224	geckodriver::marionette	INFO	Starting browser C:\Program Files (x86)\Mozilla Firefox\firefox.exe with args ["-marionette"]
1504005892693	addons.xpi	WARN	Error parsing extensions state: [Exception... "Component returned failure code: 0x80520012 (NS_ERROR_FILE_NOT_FOUND) [amIAddonManagerStartup.readStartupData]"  nsresult: "0x80520012 (NS_ERROR_FILE_NOT_FOUND)"  location: "JS frame :: resource://gre/modules/addons/XPIProvider.jsm :: loadExtensionState :: line 1596"  data: no] Stack trace: loadExtensionState()@resource://gre/modules/addons/XPIProvider.jsm:1596 < getInstallState()@resource://gre/modules/addons/XPIProvider.jsm:1631 < checkForChanges()@resource://gre/modules/addons/XPIProvider.jsm:3152 < startup()@resource://gre/modules/addons/XPIProvider.jsm:2246 < callProvider()@resource://gre/modules/AddonManager.jsm:271 < _startProvider()@resource://gre/modules/AddonManager.jsm:741 < startup()@resource://gre/modules/AddonManager.jsm:908 < startup()@resource://gre/modules/AddonManager.jsm:3122 < observe()@jar:file:///C:/Program%20Files%20(x86)/Mozilla%20Firefox/omni.ja!/components/addonManager.js:65
1504005893435	Marionette	INFO	Enabled via --marionette
JavaScript error: resource:///modules/ExtensionsUI.jsm, line 50: TypeError: RecentWindow.getMostRecentBrowserWindow(...) is null
1504005895508	Marionette	INFO	Listening on port 61907
1504005895515	Marionette	INFO	Listening on port 61907
1504005895881	Marionette	WARN	TLS certificate errors will be ignored for this session
1504005895954	Marionette	DEBUG	loaded listener.js
1504005895997	Marionette	DEBUG	Received DOM event "beforeunload" for "about:blank"
1504005896502	Marionette	DEBUG	Received DOM event "pagehide" for "about:blank"
1504005896503	Marionette	DEBUG	Received DOM event "unload" for "about:blank"
1504005897104	Marionette	DEBUG	Received DOM event "DOMContentLoaded" for "https://www.baidu.com/"
1504005897316	Marionette	DEBUG	Received DOM event "pageshow" for "https://www.baidu.com/"
[GPU 14764] WARNING: pipe error: 109: file c:/builds/moz2_slave/m-rel-w32-00000000000000000000/build/src/ipc/chromium/src/chrome/common/ipc_channel_win.cc, line 346
[Child 11204] WARNING: pipe error: 109: file c:/builds/moz2_slave/m-rel-w32-00000000000000000000/build/src/ipc/chromium/src/chrome/common/ipc_channel_win.cc, line 346
[Child 11204] WARNING: pipe error: 109: file c:/builds/moz2_slave/m-rel-w32-00000000000000000000/build/src/ipc/chromium/src/chrome/common/ipc_channel_win.cc, line 346
[GPU 14764] WARNING: pipe error: 109: file c:/builds/moz2_slave/m-rel-w32-00000000000000000000/build/src/ipc/chromium/src/chrome/common/ipc_channel_win.cc, line 346

###!!! [Child][MessageChannel::SendAndWait] Error: Channel error: cannot send/recv

31 < checkForChanges()@resource://gre/modules/addons/XPIProvider.jsm:3152 < startup()@resource://gre/modules/addons/XPIProvider.jsm:2246 < callProvider()@resource://gre/modules/AddonManager.jsm:271 < _startProvider()@resource://gre/modules/AddonManager.jsm:741 < startup()@resource://gre/modules/AddonManager.jsm:908 < startup()@resource://gre/modules/AddonManager.jsm:3122 < observe()@jar:file:///C:/Program%20Files%20(x86)/Mozilla%20Firefox/omni.ja!/components/addonManager.js:65
1504005961062	Marionette	INFO	Enabled via --marionette
JavaScript error: resource:///modules/ExtensionsUI.jsm, line 50: TypeError: RecentWindow.getMostRecentBrowserWindow(...) is null
[Child 11860] WARNING: pipe error: 109: file c:/builds/moz2_slave/m-rel-w32-00000000000000000000/build/src/ipc/chromium/src/chrome/common/ipc_channel_win.cc, line 346
[Child 11860] WARNING: pipe error: 109: file c:/builds/moz2_slave/m-rel-w32-00000000000000000000/build/src/ipc/chromium/src/chrome/common/ipc_channel_win.cc, line 346
1504005963098	Marionette	INFO	Listening on port 61979
1504005963128	Marionette	INFO	Listening on port 61979
1504005963610	Marionette	WARN	TLS certificate errors will be ignored for this session
1504005963666	Marionette	DEBUG	loaded listener.js
1504005963691	Marionette	DEBUG	Received DOM event "beforeunload" for "about:blank"
1504005964084	Marionette	DEBUG	Received DOM event "pagehide" for "about:blank"
1504005964085	Marionette	DEBUG	Received DOM event "unload" for "about:blank"
1504005964741	Marionette	DEBUG	Received DOM event "DOMContentLoaded" for "https://www.baidu.com/"
1504005964963	Marionette	DEBUG	Received DOM event "pageshow" for "https://www.baidu.com/"
JavaScript error: https://sp0.baidu.com/5a1Fazu8AA54nxGko9WTAnF6hhy/su?wd=5&json=1&p=3&sid=1442_21124&req=2&csor=1&cb=jQuery11020748860619257645_1504005964525&_=1504005964527, line 1: TypeError: jQuery11020748860619257645_1504005964525 is not a function
JavaScript error: https://sp0.baidu.com/5a1Fazu8AA54nxGko9WTAnF6hhy/su?wd=51z&json=1&p=3&sid=1442_21124&req=2&csor=3&pwd=51&cb=jQuery11020748860619257645_1504005964525&_=1504005964529, line 1: TypeError: jQuery11020748860619257645_1504005964525 is not a function
JavaScript error: https://sp0.baidu.com/5a1Fazu8AA54nxGko9WTAnF6hhy/su?wd=51&json=1&p=3&sid=1442_21124&req=2&csor=2&pwd=5&cb=jQuery11020748860619257645_1504005964525&_=1504005964528, line 1: TypeError: jQuery11020748860619257645_1504005964525 is not a function
JavaScript error: https://sp0.baidu.com/5a1Fazu8AA54nxGko9WTAnF6hhy/su?wd=51zxw&json=1&p=3&sid=1442_21124&req=2&csor=5&pwd=51zx&cb=jQuery11020748860619257645_1504005964525&_=1504005964531, line 1: TypeError: jQuery11020748860619257645_1504005964525 is not a function
JavaScript error: https://sp0.baidu.com/5a1Fazu8AA54nxGko9WTAnF6hhy/su?wd=51zx&json=1&p=3&sid=1442_21124&req=2&csor=4&pwd=51z&cb=jQuery11020748860619257645_1504005964525&_=1504005964530, line 1: TypeError: jQuery11020748860619257645_1504005964525 is not a function
1504005965457	Marionette	DEBUG	Canceled page load listener because no navigation has been detected
1504005967465	Marionette	INFO	New connections will no longer be accepted
1504006103035	geckodriver	INFO	geckodriver 0.18.0
1504006103057	geckodriver	INFO	Listening on 127.0.0.1:62071
1504006105204	geckodriver::marionette	INFO	Starting browser C:\Program Files (x86)\Mozilla Firefox\firefox.exe with args ["-marionette"]
1504006105700	addons.xpi	WARN	Error parsing extensions state: [Exception... "Component returned failure code: 0x80520012 (NS_ERROR_FILE_NOT_FOUND) [amIAddonManagerStartup.readStartupData]"  nsresult: "0x80520012 (NS_ERROR_FILE_NOT_FOUND)"  location: "JS frame :: resource://gre/modules/addons/XPIProvider.jsm :: loadExtensionState :: line 1596"  data: no] Stack trace: loadExtensionState()@resource://gre/modules/addons/XPIProvider.jsm:1596 < getInstallState()@resource://gre/modules/addons/XPIProvider.jsm:1631 < checkForChanges()@resource://gre/modules/addons/XPIProvider.jsm:3152 < startup()@resource://gre/modules/addons/XPIProvider.jsm:2246 < callProvider()@resource://gre/modules/AddonManager.jsm:271 < _startProvider()@resource://gre/modules/AddonManager.jsm:741 < startup()@resource://gre/modules/AddonManager.jsm:908 < startup()@resource://gre/modules/AddonManager.jsm:3122 < observe()@jar:file:///C:/Program%20Files%20(x86)/Mozilla%20Firefox/omni.ja!/components/addonManager.js:65
1504006106448	Marionette	INFO	Enabled via --marionette
JavaScript error: resource:///modules/ExtensionsUI.jsm, line 50: TypeError: RecentWindow.getMostRecentBrowserWindow(...) is null
[Child 16272] WARNING: pipe error: 109: file c:/builds/moz2_slave/m-rel-w32-00000000000000000000/build/src/ipc/chromium/src/chrome/common/ipc_channel_win.cc, line 346
1504006108547	Marionette	INFO	Listening on port 62077
1504006108796	Marionette	INFO	Listening on port 62077
1504006108869	Marionette	WARN	TLS certificate errors will be ignored for this session
1504006108939	Marionette	DEBUG	loaded listener.js
1504006108986	Marionette	DEBUG	Received DOM event "beforeunload" for "about:blank"
1504006109520	Marionette	DEBUG	Received DOM event "pagehide" for "about:blank"
1504006109521	Marionette	DEBUG	Received DOM event "unload" for "about:blank"
1504006110447	Marionette	DEBUG	Received DOM event "DOMContentLoaded" for "https://www.baidu.com/"
1504006110689	Marionette	DEBUG	Received DOM event "pageshow" for "https://www.baidu.com/"
1504006113406	Marionette	DEBUG	Canceled page load listener because no navigation has been detected
1504006115433	Marionette	INFO	New connections will no longer be accepted
1504006652741	geckodriver	INFO	geckodriver 0.18.0
1504006652757	geckodriver	INFO	Listening on 127.0.0.1:62370
1504006654905	geckodriver::marionette	INFO	Starting browser C:\Program Files (x86)\Mozilla Firefox\firefox.exe with args ["-marionette"]
1504006655373	addons.xpi	WARN	Error parsing extensions state: [Exception... "Component returned failure code: 0x80520012 (NS_ERROR_FILE_NOT_FOUND) [amIAddonManagerStartup.readStartupData]"  nsresult: "0x80520012 (NS_ERROR_FILE_NOT_FOUND)"  location: "JS frame :: resource://gre/modules/addons/XPIProvider.jsm :: loadExtensionState :: line 1596"  data: no] Stack trace: loadExtensionState()@resource://gre/modules/addons/XPIProvider.jsm:1596 < getInstallState()@resource://gre/modules/addons/XPIProvider.jsm:1631 < checkForChanges()@resource://gre/modules/addons/XPIProvider.jsm:3152 < startup()@resource://gre/modules/addons/XPIProvider.jsm:2246 < callProvider()@resource://gre/modules/AddonManager.jsm:271 < _startProvider()@resource://gre/modules/AddonManager.jsm:741 < startup()@resource://gre/modules/AddonManager.jsm:908 < startup()@resource://gre/modules/AddonManager.jsm:3122 < observe()@jar:file:///C:/Program%20Files%20(x86)/Mozilla%20Firefox/omni.ja!/components/addonManager.js:65
1504006656076	Marionette	INFO	Enabled via --marionette
1504006658230	Marionette	INFO	Listening on port 62376
1504006658242	Marionette	INFO	Listening on port 62376
1504006658586	Marionette	WARN	TLS certificate errors will be ignored for this session
1504006658656	Marionette	DEBUG	loaded listener.js
1504006658697	Marionette	DEBUG	Received DOM event "beforeunload" for "about:blank"
1504006659294	Marionette	DEBUG	Received DOM event "pagehide" for "about:blank"
1504006659295	Marionette	DEBUG	Received DOM event "unload" for "about:blank"
1504006660408	Marionette	DEBUG	Received DOM event "DOMContentLoaded" for "https://www.baidu.com/"
1504006660831	Marionette	DEBUG	Received DOM event "pageshow" for "https://www.baidu.com/"
JavaScript error: https://sp0.baidu.com/5a1Fazu8AA54nxGko9WTAnF6hhy/su?wd=51zx&json=1&p=3&sid=1434_21125_17001_20718&req=2&csor=4&pwd=51z&cb=jQuery110206277436941749625_1504006660016&_=1504006660021, line 1: TypeError: jQuery110206277436941749625_1504006660016 is not a function
1504006663437	Marionette	DEBUG	Canceled page load listener because no navigation has been detected
1504006665455	Marionette	INFO	New connections will no longer be accepted
1504006709972	geckodriver	INFO	geckodriver 0.18.0
1504006709991	geckodriver	INFO	Listening on 127.0.0.1:62458
1504006712150	geckodriver::marionette	INFO	Starting browser C:\Program Files (x86)\Mozilla Firefox\firefox.exe with args ["-marionette"]
1504006712643	addons.xpi	WARN	Error parsing extensions state: [Exception... "Component returned failure code: 0x80520012 (NS_ERROR_FILE_NOT_FOUND) [amIAddonManagerStartup.readStartupData]"  nsresult: "0x80520012 (NS_ERROR_FILE_NOT_FOUND)"  location: "JS frame :: resource://gre/modules/addons/XPIProvider.jsm :: loadExtensionState :: line 1596"  data: no] Stack trace: loadExtensionState()@resource://gre/modules/addons/XPIProvider.jsm:1596 < getInstallState()@resource://gre/modules/addons/XPIProvider.jsm:1631 < checkForChanges()@resource://gre/modules/addons/XPIProvider.jsm:3152 < startup()@resource://gre/modules/addons/XPIProvider.jsm:2246 < callProvider()@resource://gre/modules/AddonManager.jsm:271 < _startProvider()@resource://gre/modules/AddonManager.jsm:741 < startup()@resource://gre/modules/AddonManager.jsm:908 < startup()@resource://gre/modules/AddonManager.jsm:3122 < observe()@jar:file:///C:/Program%20Files%20(x86)/Mozilla%20Firefox/omni.ja!/components/addonManager.js:65
1504006713398	Marionette	INFO	Enabled via --marionette
JavaScript error: resource:///modules/ExtensionsUI.jsm, line 50: TypeError: RecentWindow.getMostRecentBrowserWindow(...) is null
1504006715448	Marionette	INFO	Listening on port 62464
1504006715459	Marionette	INFO	Listening on port 62464
1504006715806	Marionette	WARN	TLS certificate errors will be ignored for this session
1504006715889	Marionette	DEBUG	loaded listener.js
1504006715928	Marionette	DEBUG	Received DOM event "beforeunload" for "about:blank"
1504006733007	Marionette	DEBUG	Received DOM event "beforeunload" for "about:blank"
1504006733048	Marionette	DEBUG	Received DOM event "pagehide" for "about:blank"
1504006733048	Marionette	DEBUG	Received DOM event "unload" for "about:blank"
1504006733049	Marionette	DEBUG	Received observer notification "outer-window-destroyed" for "2147483652"
[GPU 868] WARNING: pipe error: 109: file c:/builds/moz2_slave/m-rel-w32-00000000000000000000/build/src/ipc/chromium/src/chrome/common/ipc_channel_win.cc, line 346
1504006735480	geckodriver	INFO	geckodriver 0.18.0
1504006735505	geckodriver	INFO	Listening on 127.0.0.1:62507
1504006737642	geckodriver::marionette	INFO	Starting browser C:\Program Files (x86)\Mozilla Firefox\firefox.exe with args ["-marionette"]
1504006738111	addons.xpi	WARN	Error parsing extensions state: [Exception... "Component returned failure code: 0x80520012 (NS_ERROR_FILE_NOT_FOUND) [amIAddonManagerStartup.readStartupData]"  nsresult: "0x80520012 (NS_ERROR_FILE_NOT_FOUND)"  location: "JS frame :: resource://gre/modules/addons/XPIProvider.jsm :: loadExtensionState :: line 1596"  data: no] Stack trace: loadExtensionState()@resource://gre/modules/addons/XPIProvider.jsm:1596 < getInstallState()@resource://gre/modules/addons/XPIProvider.jsm:1631 < checkForChanges()@resource://gre/modules/addons/XPIProvider.jsm:3152 < startup()@resource://gre/modules/addons/XPIProvider.jsm:2246 < callProvider()@resource://gre/modules/AddonManager.jsm:271 < _startProvider()@resource://gre/modules/AddonManager.jsm:741 < startup()@resource://gre/modules/AddonManager.jsm:908 < startup()@resource://gre/modules/AddonManager.jsm:3122 < observe()@jar:file:///C:/Program%20Files%20(x86)/Mozilla%20Firefox/omni.ja!/components/addonManager.js:65
1504006738809	Marionette	INFO	Enabled via --marionette
[GPU 13488] WARNING: pipe error: 109: file c:/builds/moz2_slave/m-rel-w32-00000000000000000000/build/src/ipc/chromium/src/chrome/common/ipc_channel_win.cc, line 346
JavaScript error: resource:///modules/ExtensionsUI.jsm, line 50: TypeError: RecentWindow.getMostRecentBrowserWindow(...) is null
1504006740953	Marionette	INFO	Listening on port 62513
1504006740971	Marionette	INFO	Listening on port 62513
1504006741298	Marionette	WARN	TLS certificate errors will be ignored for this session
1504006741370	Marionette	DEBUG	loaded listener.js
1504006741429	Marionette	DEBUG	Received DOM event "beforeunload" for "about:blank"
1504006741951	Marionette	DEBUG	Received DOM event "pagehide" for "about:blank"
1504006741952	Marionette	DEBUG	Received DOM event "unload" for "about:blank"
1504006742619	Marionette	DEBUG	Received DOM event "DOMContentLoaded" for "https://www.baidu.com/"
1504006742839	Marionette	DEBUG	Received DOM event "pageshow" for "https://www.baidu.com/"
1504006745377	Marionette	DEBUG	Canceled page load listener because no navigation has been detected
1504006747398	Marionette	INFO	New connections will no longer be accepted
JavaScript error: resource://shield-recipe-client/lib/RecipeRunner.jsm, line 249: TypeError: log is undefined
1504009737825	geckodriver	INFO	geckodriver 0.18.0
1504009737851	geckodriver	INFO	Listening on 127.0.0.1:64372
1504009739991	geckodriver::marionette	INFO	Starting browser C:\Program Files (x86)\Mozilla Firefox\firefox.exe with args ["-marionette"]
1504009740554	addons.xpi	WARN	Error parsing extensions state: [Exception... "Component returned failure code: 0x80520012 (NS_ERROR_FILE_NOT_FOUND) [amIAddonManagerStartup.readStartupData]"  nsresult: "0x80520012 (NS_ERROR_FILE_NOT_FOUND)"  location: "JS frame :: resource://gre/modules/addons/XPIProvider.jsm :: loadExtensionState :: line 1596"  data: no] Stack trace: loadExtensionState()@resource://gre/modules/addons/XPIProvider.jsm:1596 < getInstallState()@resource://gre/modules/addons/XPIProvider.jsm:1631 < checkForChanges()@resource://gre/modules/addons/XPIProvider.jsm:3152 < startup()@resource://gre/modules/addons/XPIProvider.jsm:2246 < callProvider()@resource://gre/modules/AddonManager.jsm:271 < _startProvider()@resource://gre/modules/AddonManager.jsm:741 < startup()@resource://gre/modules/AddonManager.jsm:908 < startup()@resource://gre/modules/AddonManager.jsm:3122 < observe()@jar:file:///C:/Program%20Files%20(x86)/Mozilla%20Firefox/omni.ja!/components/addonManager.js:65
1504009741228	Marionette	INFO	Enabled via --marionette
[Parent 5524] WARNING: pipe error: 109: file c:/builds/moz2_slave/m-rel-w32-00000000000000000000/build/src/ipc/chromium/src/chrome/common/ipc_channel_win.cc, line 346
[Child 3320] WARNING: pipe error: 109: file c:/builds/moz2_slave/m-rel-w32-00000000000000000000/build/src/ipc/chromium/src/chrome/common/ipc_channel_win.cc, line 346
1504009743227	Marionette	INFO	Listening on port 64379
1504009743255	Marionette	INFO	Listening on port 64379
1504009743741	Marionette	WARN	TLS certificate errors will be ignored for this session
1504009743810	Marionette	DEBUG	loaded listener.js
1504009743840	Marionette	DEBUG	Received DOM event "beforeunload" for "about:blank"
1504009744054	Marionette	DEBUG	Received DOM event "pagehide" for "about:blank"
1504009744055	Marionette	DEBUG	Received DOM event "unload" for "about:blank"
JavaScript error: http://www.51zxw.net/ThickBox/thickbox_sc.js, line 11: ReferenceError: $ is not defined
JavaScript error: http://www.51zxw.net/, line 32: ReferenceError: $ is not defined
1504009745300	Marionette	DEBUG	Received DOM event "DOMContentLoaded" for "http://www.51zxw.net/"
1504009745418	Marionette	DEBUG	Received DOM event "DOMContentLoaded" for "http://www.51zxw.net/frm_login_new.aspx"
1504009745423	Marionette	DEBUG	Received DOM event "pageshow" for "http://www.51zxw.net/frm_login_new.aspx"
1504009746997	Marionette	DEBUG	Received DOM event "pageshow" for "http://www.51zxw.net/"
1504009747353	Marionette	DEBUG	Canceled page load listener because no navigation has been detected
1504009750368	Marionette	INFO	New connections will no longer be accepted
JavaScript error: http://bdimg.share.baidu.com/static/api/js/trans/logger.js?v=d16ec0e3.js, line 1: TypeError: n.ajax.request is not a function
IPDL protocol error: Handler returned error code!

###!!! [Parent][DispatchAsyncMessage] Error: PLayerTransaction::Msg_ReleaseLayer Processing error: message was deserialized, but the handler returned false (indicating failure)

1530102347413	geckodriver	INFO	geckodriver 0.21.0
1530102347438	geckodriver	INFO	Listening on 127.0.0.1:35131
1530102349843	mozrunner::runner	INFO	Running command: "/usr/bin/firefox" "-marionette" "-foreground" "-no-remote" "-profile" "/tmp/rust_mozprofile.iO9XkPw3cC7k"
1530102356292	Marionette	INFO	Listening on port 2828
JavaScript error: https://ss1.bdstatic.com/5eN1bjq8AAUYm2zgoY3K/r/www/cache/static/protocol/https/plugins/every_cookie_4644b13.js, line 4: ReferenceError: c is not defined
1530102565856	geckodriver	INFO	geckodriver 0.21.0
1530102565886	geckodriver	INFO	Listening on 127.0.0.1:47227
1530102567286	mozrunner::runner	INFO	Running command: "/usr/bin/firefox" "-marionette" "-foreground" "-no-remote" "-profile" "/tmp/rust_mozprofile.HWoSGZaTBuLe"
1530102571848	Marionette	INFO	Listening on port 2828
[Child 13249] ###!!! ABORT: Aborting on channel error.: file /build/firefox-esr-rYxLz7/firefox-esr-52.7.3esr/ipc/glue/MessageChannel.cpp, line 2152
[Child 13249] ###!!! ABORT: Aborting on channel error.: file /build/firefox-esr-rYxLz7/firefox-esr-52.7.3esr/ipc/glue/MessageChannel.cpp, line 2152
