1537173314184	geckodriver	INFO	geckodriver 0.20.0
1537173314206	geckodriver	INFO	Listening on 127.0.0.1:61789
1537173316510	mozrunner::runner	INFO	Running command: "C:\\Program Files\\Mozilla Firefox\\firefox.exe" "-marionette" "-profile" "C:\\Users\\cs\\AppData\\Local\\Temp\\rust_mozprofile.enujjRzbiHUF"
1537173319136	addons.xpi	WARN	Error parsing extensions state: [Exception... "Component returned failure code: 0x80520012 (NS_ERROR_FILE_NOT_FOUND) [amIAddonManagerStartup.readStartupData]"  nsresult: "0x80520012 (NS_ERROR_FILE_NOT_FOUND)"  location: "JS frame :: resource://gre/modules/addons/XPIProvider.jsm :: loadExtensionState :: line 1554"  data: no] Stack trace: loadExtensionState()@resource://gre/modules/addons/XPIProvider.jsm:1554 < getInstallState()@resource://gre/modules/addons/XPIProvider.jsm:1589 < checkForChanges()@resource://gre/modules/addons/XPIProvider.jsm:3109 < startup()@resource://gre/modules/addons/XPIProvider.jsm:2188 < callProvider()@resource://gre/modules/AddonManager.jsm:269 < _startProvider()@resource://gre/modules/AddonManager.jsm:739 < startup()@resource://gre/modules/AddonManager.jsm:906 < startup()@resource://gre/modules/AddonManager.jsm:3090 < observe()@jar:file:///C:/Program%20Files/Mozilla%20Firefox/omni.ja!/components/addonManager.js:65
[GFX1-]: Mismatched driver versions between the registry 8.930.0.0 and DLL(s) 8.15.10.2342,  reported.
1537173322393	Marionette	INFO	Enabled via --marionette
[GFX1-]: Failed to connect GPU process
1537173344367	Marionette	INFO	Listening on port 61801
1537173345052	Marionette	WARN	TLS certificate errors will be ignored for this session
[GFX1-]: Mismatched driver versions between the registry 8.930.0.0 and DLL(s) 8.15.10.2342,  reported.
[GFX1-]: Mismatched driver versions between the registry 8.930.0.0 and DLL(s) 8.15.10.2342,  reported.
1537173361422	Marionette	DEBUG	Register listener.js for window 6442450945
Unable to read VR Path Registry from C:\Users\cs\AppData\Local\openvr\openvrpaths.vrpath
[Child 5580] WARNING: pipe error: 109: file z:/build/build/src/ipc/chromium/src/chrome/common/ipc_channel_win.cc, line 346
[Child 5580] WARNING: pipe error: 109: file z:/build/build/src/iUnable to read VR Path Registry from C:\Users\cs\AppData\Local\openvr\openvrpaths.vrpath
[Parent 7768] WARNING: pipe error: 109: file z:/build/build/src/ipc/chromium/src/chrome/common/ipc_channel_win.cc, line 346
Unable to read VR Path Registry from C:\Users\cs\AppData\Local\openvr\openvrpaths.vrpath
[Child 8936] WARNING: pipe error: 109: file z:/build/build/src/ipc/chromium/src/chrome/common/ipc_channel_win.cc, line 346
[Child 8936] WARNING: pipe error: 109: file z:/build/build/src/ipc/chromium/src/chrome/common/ipc_channel_win.cc, line 346
Unable to read VR Path Registry from C:\Users\cs\AppData\Local\openvr\openvrpaths.vrpath
[Child 7812] WARNING: pipe error: 109: file z:/build/build/src/ipc/chromium/src/chrome/common/ipc_channel_win.cc, line 346
[Child 7812] WARNING: pipe error: 109: file z:/build/build/src/ipc/chromium/src/chrome/common/ipc_channel_win.cc, line 346

###!!! [Child][MessageChannel::SendAndWait] Error: Channel error: cannot send/recv

 returned failure code: 0x8000ffff (NS_ERROR_UNEXPECTED) [nsIMessageSender.sendAsyncMessage]
