1536886766126	geckodriver	INFO	geckodriver 0.20.0
1536886766141	geckodriver	INFO	Listening on 127.0.0.1:49817
1536886769077	mozrunner::runner	INFO	Running command: "C:\\Program Files\\Mozilla Firefox\\firefox.exe" "-marionette" "-profile" "C:\\Users\\cs\\AppData\\Local\\Temp\\rust_mozprofile.sLSNnWHKIgMs"
1536886770292	addons.xpi	WARN	Error parsing extensions state: [Exception... "Component returned failure code: 0x80520012 (NS_ERROR_FILE_NOT_FOUND) [amIAddonManagerStartup.readStartupData]"  nsresult: "0x80520012 (NS_ERROR_FILE_NOT_FOUND)"  location: "JS frame :: resource://gre/modules/addons/XPIProvider.jsm :: loadExtensionState :: line 1554"  data: no] Stack trace: loadExtensionState()@resource://gre/modules/addons/XPIProvider.jsm:1554 < getInstallState()@resource://gre/modules/addons/XPIProvider.jsm:1589 < checkForChanges()@resource://gre/modules/addons/XPIProvider.jsm:3109 < startup()@resource://gre/modules/addons/XPIProvider.jsm:2188 < callProvider()@resource://gre/modules/AddonManager.jsm:269 < _startProvider()@resource://gre/modules/AddonManager.jsm:739 < startup()@resource://gre/modules/AddonManager.jsm:906 < startup()@resource://gre/modules/AddonManager.jsm:3090 < observe()@jar:file:///C:/Program%20Files/Mozilla%20Firefox/omni.ja!/components/addonManager.js:65
[GFX1-]: Mismatched driver versions between the registry 8.930.0.0 and DLL(s) 8.15.10.2342,  reported.
1536886772998	Marionette	INFO	Enabled via --marionette
[GFX1-]: Mismatched driver versions between the registry 8.930.0.0 and DLL(s) 8.15.10.2342,  reported.
Unable to read VR Path Registry from C:\Users\cs\AppData\Local\openvr\openvrpaths.vrpath
[Child 5588] WARNING: pipe error: 109: file z:/build/build/src/ipc/chromium/src/chrome/common/ipc_channel_win.cc, line 346
[Child 5588] WARNING: pipe error: 109: file z:/build/build/src/ipc/chromium/src/chrome/common/ipc_channel_win.cc, line 346

###!!! [Child][MessageChannel] Error: (msgtype=0x2400FC,name=PContent::Msg_AsyncMessage) Channel closing: too late to send/recv, messages will be lost

JavaScript error: jar:file:///C:/Program%20Files/Mozilla%20Firefox/omni.ja!/components/extension-process-script.js, line 339: NS_ERROR_UNEXPECTED: Component returned failure code: 0x8000ffff (NS_ERROR_UNEXPECTED) [nsIMessageSender.sendAsyncMessage]
[GFX1-]: Mismatched driver versions between the registry 8.930.0.0 and DLL(s) 8.15.10.2342,  reported.
[GFX1-]: Mismatched driver versions between the registry 8.930.0.0 and DLL(s) 8.15.10.2342,  reported.
1536886610479	Marionette	INFO	Listening on port 49647
1536886611021	Marionette	WARN	TLS certificate errors will be ignored for this session
1536886611113	Marionette	DEBUG	Register listener.js for window 6442450945
1536886611149	Marionette	DEBUG	Received DOM event "beforeunload" for "about:blank"
1536886632352	Marionette	DEBUG	Received DOM event "beforeunload" for "about:blank"
1536886632414	Marionette	DEBUG	Received DOM event "pagehide" for "about:blank"
1536886632414	Marionette	DEBUG	Received DOM event "unload" for "about:blank"
1536886632494	Marionette	DEBUG	Received DOM event "DOMContentLoaded" for "about:neterror?e=netTimeout&u=http%3A//135.64.22.33%3A18082/ordercenter/loginController/login&c=UTF-8&f=regular&d=135.64.22.33%20%E7%9A%84%E6%9C%8D%E5%8A%A1%E5%99%A8%E5%93%8D%E5%BA%94%E6%97%B6%E9%97%B4%E8%BF%87%E9%95%BF%E3%80%82"
Unable to read VR Path Registry from C:\Users\cs\AppData\Local\openvr\openvrpaths.vrpath
[Parent 5524] WARNING: pipe error: 109: file z:/build/build/src/ipc/chromium/src/chrome/common/ipc_channel_win.cc, line 346
[Parent 5524] WARNING: pipe error: 109: file z:/build/build/src/ipc/chromium/src/chrome/common/ipc_channel_win.cc, line 346
Unable to read VR Path Registry from C:\Users\cs\AppData\Local\openvr\openvrpaths.vrpath
[Child 6112] WARNING: pipe error: 109: file z:/build/build/src/ipc/chromium/src/chrome/common/ipc_channel_win.cc, line 346
[Child 6112] WARNING: pipe error: 109: file z:/build/build/src/ipc/chromium/src/chrome/common/ipc_channel_win.cc, line 346
Unable to read VR Path Registry from C:\Users\cs\AppData\Local\openvr\openvrpaths.vrpath
[Child 5148] WARNING: pipe error: 109: file z:/build/build/src/ipc/chromium/src/chrome/common/ipc_channel_win.cc, line 346
[Child 5148] WARNING: pipe error: 109: file z:/build/build/src/ipc/chromium/src/chrome/common/ipc_channel_win.cc, line 346

###!!! [Child][MessageChannel::SendAndWait] Error: Channel error: cannot send/recv

losed channel: cannot send/recv

[Child 9508] WARNING: pipe error: 109: file z:/build/build/src/ipc/chromium/src/chrome/common/ipc_channel_win.cc, line 346

###!!! [Child][MessageChannel] Error: (msgtype=0x150001,name=PBrowser::Msg_AsyncMessage) Closed channel: cannot send/recv

JavaScript error: chrome://global/content/browser-child.js, line 125: NS_ERROR_UNEXPECTED: Component returned failure code: 0x8000ffff (NS_ERROR_UNEXPECTED) [nsIMessageSender.sendAsyncMessage]

###!!! [Child][MessageChannel] Error: (msgtype=0x150001,name=PBrowser::Msg_AsyncMessage) Closed channel: cannot send/recv

JavaScript error: chrome://global/content/browser-child.js, line 125: NS_ERROR_UNEXPECTED: Component returned failure code: 0x8000ffff (NS_ERROR_UNEXPECTED) [nsIMessageSender.sendAsyncMessage]
*** UTM:SVC TimerManager:registerTimer called after profile-before-change notification. Ignoring timer registration for id: telemetry_modules_ping
Unable to read VR Path Registry from C:\Users\cs\AppData\Local\openvr\openvrpaths.vrpath
[GPU 6084] WARNING: pipe error: 109: file z:/build/build/src/ipc/chromium/src/chrome/common/ipc_channel_win.cc, line 346

###!!! [Child][MessageChannel::SendAndWait] Error: Channel error: cannot send/recv

! [Parent][MessageChannel] Error: (msgtype=0x2400FC,name=PContent::Msg_AsyncMessage) Channel error: cannot send/recv


###!!! [Parent][MessageChannel] Error: (msgtype=0x2400FC,name=PContent::Msg_AsyncMessage) Channel error: cannot send/recv


###!!! [Parent][MessageChannel] Error: (msgtype=0x2400FC,name=PContent::Msg_AsyncMessage) Channel error: cannot send/recv


###!!! [Parent][MessageChannel] Error: (msgtype=0x2400FC,name=PContent::Msg_AsyncMessage) Channel error: cannot send/recv


###!!! [Parent][MessageChannel] Error: (msgtype=0x2400FC,name=PContent::Msg_AsyncMessage) Channel error: cannot send/recv


###!!! [Parent][MessageChannel] Error: (msgtype=0x2400FC,name=PContent::Msg_AsyncMessage) Channel error: cannot send/recv


###!!! [Parent][MessageChannel] Error: (msgtype=0x2400FC,name=PContent::Msg_AsyncMessage) Channel error: cannot send/recv


###!!! [Parent][MessageChannel] Error: (msgtype=0x2400FC,name=PContent::Msg_AsyncMessage) Channel error: cannot send/recv


###!!! [Parent][MessageChannel] Error: (msgtype=0x2400FC,name=PContent::Msg_AsyncMessage) Channel error: cannot send/recv


###!!! [Parent][MessageChannel] Error: (msgtype=0x2400FC,name=PContent::Msg_AsyncMessage) Channel error: cannot send/recv


###!!! [Parent][MessageChannel] Error: (msgtype=0x2400FC,name=PContent::Msg_AsyncMessage) Channel error: cannot send/recv


###!!! [Parent][MessageChannel] Error: (msgtype=0x2400FC,name=PContent::Msg_AsyncMessage) Channel error: cannot send/recv


###!!! [Parent][MessageChannel] Error: (msgtype=0x2400FC,name=PContent::Msg_AsyncMessage) Channel error: cannot send/recv


###!!! [Parent][MessageChannel] Error: (msgtype=0x2400FC,name=PContent::Msg_AsyncMessage) Channel error: cannot send/recv


###!!! [Parent][MessageChannel] Error: (msgtype=0x2400FC,name=PContent::Msg_AsyncMessage) Channel error: cannot send/recv


###!!! [Parent][MessageChannel] Error: (msgtype=0x2400FC,name=PContent::Msg_AsyncMessage) Channel error: cannot send/recv


###!!! [Parent][MessageChannel] Error: (msgtype=0x2400FC,name=PContent::Msg_AsyncMessage) Channel error: cannot send/recv


###!!! [Parent][MessageChannel] Error: (msgtype=0x2400FC,name=PContent::Msg_AsyncMessage) Channel error: cannot send/recv


###!!! [Parent][MessageChannel] Error: (msgtype=0x2400FC,name=PContent::Msg_AsyncMessage) Channel error: cannot send/recv


###!!! [Parent][MessageChannel] Error: (msgtype=0x2400FC,name=PContent::Msg_AsyncMessage) Channel error: cannot send/recv


###!!! [Parent][MessageChannel] Error: (msgtype=0x2400FC,name=PContent::Msg_AsyncMessage) Channel error: cannot send/recv


###!!! [Parent][MessageChannel] Error: (msgtype=0x2400FC,name=PContent::Msg_AsyncMessage) Channel error: cannot send/recv


###!!! [Parent][MessageChannel] Error: (msgtype=0x2400FC,name=PContent::Msg_AsyncMessage) Channel error: cannot send/recv


###!!! [Parent][MessageChannel] Error: (msgtype=0x2400FC,name=PContent::Msg_AsyncMessage) Channel error: cannot send/recv


###!!! [Parent][RunMessage] Error: Channel error: cannot send/recv


###!!! [Parent][RunMessage] Error: Channel error: cannot send/recv


###!!! [Parent][RunMessage] Error: Channel error: cannot send/recv

Extension error: TypeError: this.extension is null resource://gre/modules/LegacyExtensionsUtils.jsm 158
[[Exception stack
onBeforeStarted@resource://gre/modules/LegacyExtensionsUtils.jsm:158:9
runSafeSyncWithoutClone@resource://gre/modules/ExtensionUtils.jsm:61:14
emit/promises<@resource://gre/modules/ExtensionUtils.jsm:256:55
emit@resource://gre/modules/ExtensionUtils.jsm:255:20
emit@resource://gre/modules/Extension.jsm:892:37
_startup@resource://gre/modules/Extension.jsm:1166:7
observe@resource://gre/modules/AsyncShutdown.jsm:534:9
observe@resource:///modules/ContentCrashHandlers.jsm:153:11
Current stack
runSafeSyncWithoutClone@resource://gre/modules/ExtensionUtils.jsm:63:129
emit/promises<@resource://gre/modules/ExtensionUtils.jsm:256:55
emit@resource://gre/modules/ExtensionUtils.jsm:255:20
emit@resource://gre/modules/Extension.jsm:892:37
_startup@resource://gre/modules/Extension.jsm:1166:7
observe@resource://gre/modules/AsyncShutdown.jsm:534:9
observe@resource:///modules/ContentCrashHandlers.jsm:153:11
]]
1536830473466	Marionette	INFO	Listening on port 55626
1536830474587	Marionette	WARN	TLS certificate errors will be ignored for this session
WARNING: At least one completion condition is taking too long to complete. Conditions: [{"name":"SessionStore: flushing all windows","state":{"total":1,"current":0},"filename":"resource:///modules/sessionstore/SessionStore.jsm","lineNumber":1590,"stack":["resource:///modules/sessionstore/SessionStore.jsm:ssi_onQuitApplicationGranted:1590","resource:///modules/sessionstore/SessionStore.jsm:ssi_observe:773","resource:///modules/ContentCrashHandlers.jsm:observe:153"]}] Barrier: quit-application-granted
[GFX1-]: Mismatched driver versions between the registry 8.930.0.0 and DLL(s) 8.15.10.2342,  reported.
[GFX1-]: Mismatched driver versions between the registry 8.930.0.0 and DLL(s) 8.15.10.2342,  reported.
1536830487508	Marionette	DEBUG	Register listener.js for window 4294967297
[Parent 8932] WARNING: pipe error: 109: file z:/build/build/src/ipc/chromium/src/chrome/common/ipc_channel_win.cc, line 346
Extension error: TypeError: this.extension is null resource://gre/modules/LegacyExtensionsUtils.jsm 158
[[Exception stack
onBeforeStarted@resource://gre/modules/LegacyExtensionsUtils.jsm:158:9
runSafeSyncWithoutClone@resource://gre/modules/ExtensionUtils.jsm:61:14
emit/promises<@resource://gre/modules/ExtensionUtils.jsm:256:55
emit@resource://gre/modules/ExtensionUtils.jsm:255:20
emit@resource://gre/modules/Extension.jsm:892:37
build@chrome://extensions/content/ext-backgroundPage.js:55:5
observe@resource://gre/modules/AsyncShutdown.jsm:534:9
Current stack
runSafeSyncWithoutClone@resource://gre/modules/ExtensionUtils.jsm:63:129
emit/promises<@resource://gre/modules/ExtensionUtils.jsm:256:55
emit@resource://gre/modules/ExtensionUtils.jsm:255:20
emit@resource://gre/modules/Extension.jsm:892:37
build@chrome://extensions/content/ext-backgroundPage.js:55:5
observe@resource://gre/modules/AsyncShutdown.jsm:534:9
]]
Promise rejected after context unloaded: Message manager disconnected
[Parent 8932] WARNING: pipe error: 109: file z:/build/build/src/ipc/chromium/src/chrome/common/ipc_channel_win.cc, line 346
Unable to read VR Path Registry from C:\Users\cs\AppData\Local\openvr\openvrpaths.vrpath
[Child 10800] WARNING: pipe error: 109: file z:/build/build/src/ipc/chromium/src/chrome/common/ipc_channel_win.cc, line 346
[Child 10800] WARNING: pipe error: 109: file z:/build/build/src/ipc/chromium/src/chrome/common/ipc_channel_win.cc, line 346
*** UTM:SVC TimerManager:registerTimer called after profile-before-change notification. Ignoring timer registration for id: telemetry_modules_ping

###!!! [Child][MessageChannel::SendAndWait] Error: Channel error: cannot send/recv

1536830500326	geckodriver::marionette	ERROR	Failed to stop browser process
